
obj/zond_cvc.elf:     file format elf32-littlearm

Sections:
Idx Name          Size      VMA       LMA       File off  Algn
  0 .text         0000142c  00000000  00000000  00010000  2**3
                  CONTENTS, ALLOC, LOAD, READONLY, CODE
  1 .data         00000434  40000000  0000142c  00020000  2**3
                  CONTENTS, ALLOC, LOAD, DATA
  2 .bss          00000144  40000434  00001860  00020434  2**1
                  ALLOC
  3 .stack        00000a10  40000578  40000578  00020434  2**2
                  CONTENTS
  4 .usbram       00000000  7fd00000  7fd00000  00020e44  2**0
                  CONTENTS
  5 .etherram     00000000  7fe00000  7fe00000  00020e44  2**0
                  CONTENTS
  6 .batteryram   00000000  e0084000  e0084000  00020e44  2**0
                  CONTENTS
  7 .comment      00000070  00000000  00000000  00020e44  2**0
                  CONTENTS, READONLY
  8 .ARM.attributes 0000002e  00000000  00000000  00020eb4  2**0
                  CONTENTS, READONLY
  9 .debug_aranges 000001f0  00000000  00000000  00020ee8  2**3
                  CONTENTS, READONLY, DEBUGGING
 10 .debug_info   000033a3  00000000  00000000  000210d8  2**0
                  CONTENTS, READONLY, DEBUGGING
 11 .debug_abbrev 00000e80  00000000  00000000  0002447b  2**0
                  CONTENTS, READONLY, DEBUGGING
 12 .debug_line   00000e61  00000000  00000000  000252fb  2**0
                  CONTENTS, READONLY, DEBUGGING
 13 .debug_frame  000004a0  00000000  00000000  0002615c  2**2
                  CONTENTS, READONLY, DEBUGGING
 14 .debug_str    00000ad9  00000000  00000000  000265fc  2**0
                  CONTENTS, READONLY, DEBUGGING
 15 .debug_loc    00000ed3  00000000  00000000  000270d5  2**0
                  CONTENTS, READONLY, DEBUGGING
 16 .debug_ranges 00000078  00000000  00000000  00027fa8  2**3
                  CONTENTS, READONLY, DEBUGGING

Disassembly of section .text:

00000000 <reset_handler-0x300>:
@-----------------------------------------------------------@

.section .VECTOR, "ax"
.arm

	LDR	PC, =reset_handler	@ Reset entry
       0:	e59ff018 	ldr	pc, [pc, #24]	; 20 <B_Thumb>
	LDR	PC, =trap		@ Undef entry
       4:	e59ff018 	ldr	pc, [pc, #24]	; 24 <VIC_SWPriorityMask>
	LDR	PC, =swi_handler	@ SWI entry
       8:	e59ff018 	ldr	pc, [pc, #24]	; 28 <VIC_SWPriorityMask+0x4>
	LDR	PC, =trap		@ PAbt entry
       c:	e59ff010 	ldr	pc, [pc, #16]	; 24 <VIC_SWPriorityMask>
	LDR	PC, =trap		@ DAbt entry
      10:	e59ff00c 	ldr	pc, [pc, #12]	; 24 <VIC_SWPriorityMask>
      14:	00000000 	.word	0x00000000
	.word	0			@ Check sum (set by flash programmer)
	LDR	PC, =irq_handler	@ IRQ entry
      18:	e59ff00c 	ldr	pc, [pc, #12]	; 2c <VIC_SWPriorityMask+0x8>
	LDR     PC, =fiq_handler	@ FIQ entry
      1c:	e59ff00c 	ldr	pc, [pc, #12]	; 30 <VIC_SWPriorityMask+0xc>
@-----------------------------------------------------------@

.section .VECTOR, "ax"
.arm

	LDR	PC, =reset_handler	@ Reset entry
      20:	00000300 	.word	0x00000300
	LDR	PC, =trap		@ Undef entry
      24:	0000038c 	.word	0x0000038c
	LDR	PC, =swi_handler	@ SWI entry
      28:	000003fc 	.word	0x000003fc
	LDR	PC, =trap		@ PAbt entry
	LDR	PC, =trap		@ DAbt entry
	.word	0			@ Check sum (set by flash programmer)
	LDR	PC, =irq_handler	@ IRQ entry
      2c:	000003ac 	.word	0x000003ac
	LDR     PC, =fiq_handler	@ FIQ entry
      30:	000003f4 	.word	0x000003f4
	...

00000300 <reset_handler>:
@	LDR	R0, =TargetResetInit
@	MOV	LR, PC
@	BX	R0

@ Setup Stack for each mode
	LDR	R0, =stack_end
     300:	e59f0088 	ldr	r0, [pc, #136]	; 390 <trap+0x4>

@ Enter Undefined Instruction Mode and set its Stack Pointer
	MSR	CPSR_c, #M_UND | B_Irq | B_Fiq
     304:	e321f0db 	msr	CPSR_c, #219	; 0xdb
	MOV	SP, R0
     308:	e1a0d000 	mov	sp, r0
	SUB	R0, R0, #UND_Stack_Size
     30c:	e2400000 	sub	r0, r0, #0

@ Enter Abort Mode and set its Stack Pointer
	MSR	CPSR_c, #M_ABT | B_Irq | B_Fiq
     310:	e321f0d7 	msr	CPSR_c, #215	; 0xd7
	MOV	SP, R0
     314:	e1a0d000 	mov	sp, r0
	SUB	R0, R0, #ABT_Stack_Size
     318:	e2400000 	sub	r0, r0, #0

@ Enter FIQ Mode and set its Stack Pointer
	MSR	CPSR_c, #M_FIQ | B_Irq | B_Fiq
     31c:	e321f0d1 	msr	CPSR_c, #209	; 0xd1
	MOV	SP, R0
     320:	e1a0d000 	mov	sp, r0
	SUB	R0, R0, #FIQ_Stack_Size
     324:	e2400010 	sub	r0, r0, #16

@ Enter IRQ Mode and set its Stack Pointer
	MSR	CPSR_c, #M_IRQ | B_Irq | B_Fiq
     328:	e321f0d2 	msr	CPSR_c, #210	; 0xd2
	MOV	SP, R0
     32c:	e1a0d000 	mov	sp, r0
	SUB	R0, R0, #IRQ_Stack_Size
     330:	e2400c01 	sub	r0, r0, #256	; 0x100

@ Enter Supervisor Mode and set its Stack Pointer
	MSR	CPSR_c, #M_SVC | B_Irq | B_Fiq
     334:	e321f0d3 	msr	CPSR_c, #211	; 0xd3
	MOV	SP, R0
     338:	e1a0d000 	mov	sp, r0
	SUB	R0, R0, #SVC_Stack_Size
     33c:	e2400c01 	sub	r0, r0, #256	; 0x100

@ Enter User Mode and set its Stack Pointer
	MSR	CPSR_c, #M_USR | B_Irq | B_Fiq
     340:	e321f0d0 	msr	CPSR_c, #208	; 0xd0
	MOV	SP, R0
     344:	e1a0d000 	mov	sp, r0
	SUB	SL, SP, #USR_Stack_Size
     348:	e24dab02 	sub	sl, sp, #2048	; 0x800

@ Initialize .data section (Copy ROM data)
	LDR	R1, =_sidata
     34c:	e59f1040 	ldr	r1, [pc, #64]	; 394 <trap+0x8>
	LDR	R2, =_sdata
     350:	e59f2040 	ldr	r2, [pc, #64]	; 398 <trap+0xc>
	LDR	R3, =_edata
     354:	e59f3040 	ldr	r3, [pc, #64]	; 39c <trap+0x10>
1:	CMP	R2, R3
     358:	e1520003 	cmp	r2, r3
	LDRLO	R0, [R1], #4
     35c:	34910004 	ldrcc	r0, [r1], #4
	STRLO	R0, [R2], #4
     360:	34820004 	strcc	r0, [r2], #4
	BLO	1b
     364:	3afffffb 	bcc	358 <reset_handler+0x58>

@ Initialize .bss section (Fill with 0)
	MOV	R0, #0
     368:	e3a00000 	mov	r0, #0
	LDR	R1, =_sbss
     36c:	e59f102c 	ldr	r1, [pc, #44]	; 3a0 <trap+0x14>
	LDR	R2, =_ebss
     370:	e59f202c 	ldr	r2, [pc, #44]	; 3a4 <trap+0x18>
3:	CMP	R1, R2
     374:	e1510002 	cmp	r1, r2
	STRLO	R0, [R1], #4
     378:	34810004 	strcc	r0, [r1], #4
	BLO	3b
     37c:	3afffffc 	bcc	374 <reset_handler+0x74>

@ Start main()
.extern main
	LDR	R0, =main
     380:	e59f0020 	ldr	r0, [pc, #32]	; 3a8 <trap+0x1c>
	MOV	LR, PC
     384:	e1a0e00f 	mov	lr, pc
	BX	R0
     388:	e12fff10 	bx	r0

0000038c <trap>:

@ Trap (infinite loop)
trap:
	B	trap
     38c:	eafffffe 	b	38c <trap>
@	LDR	R0, =TargetResetInit
@	MOV	LR, PC
@	BX	R0

@ Setup Stack for each mode
	LDR	R0, =stack_end
     390:	40000f88 	.word	0x40000f88
	MSR	CPSR_c, #M_USR | B_Irq | B_Fiq
	MOV	SP, R0
	SUB	SL, SP, #USR_Stack_Size

@ Initialize .data section (Copy ROM data)
	LDR	R1, =_sidata
     394:	0000142c 	.word	0x0000142c
	LDR	R2, =_sdata
     398:	40000000 	.word	0x40000000
	LDR	R3, =_edata
     39c:	40000434 	.word	0x40000434
	STRLO	R0, [R2], #4
	BLO	1b

@ Initialize .bss section (Fill with 0)
	MOV	R0, #0
	LDR	R1, =_sbss
     3a0:	40000434 	.word	0x40000434
	LDR	R2, =_ebss
     3a4:	40000578 	.word	0x40000578
	STRLO	R0, [R1], #4
	BLO	3b

@ Start main()
.extern main
	LDR	R0, =main
     3a8:	000007cd 	.word	0x000007cd

000003ac <irq_handler>:
.equ VIC_VectAddr0,	0x100
.equ VIC_VectPriority0,	0x200
.equ VIC_VectAddr,	0xF00

irq_handler:
	SUB	LR, LR, #4		@ Adjust LR_irq and push it
     3ac:	e24ee004 	sub	lr, lr, #4
	STMFD	SP!, {LR}
     3b0:	e92d4000 	stmfd	sp!, {lr}

	MRS	LR, SPSR		@ Save SPSR need to be saved for nested interrupt
     3b4:	e14fe000 	mrs	lr, SPSR
	STMFD	SP!, {R0-R3,IP,LR}	@ Push scratch/used registers and SPSR
     3b8:	e92d500f 	push	{r0, r1, r2, r3, ip, lr}
	LDR	R0, =LPC_BASE_VIC	@ Get the ISR address pointed by VIC_VectAddr
     3bc:	e59f002c 	ldr	r0, [pc, #44]	; 3f0 <irq_handler+0x44>
	LDR	R0, [R0, #VIC_VectAddr]
     3c0:	e5900f00 	ldr	r0, [r0, #3840]	; 0xf00
	MSR	CPSR_c, #M_SVC		@ Enter SVC mode and enable Irq and Fiq
     3c4:	e321f013 	msr	CPSR_c, #19

	STMFD	SP!, {LR}		@ Call the ISR
     3c8:	e92d4000 	stmfd	sp!, {lr}
	MOV	LR, PC
     3cc:	e1a0e00f 	mov	lr, pc
	BX	R0
     3d0:	e12fff10 	bx	r0
	LDMIA	SP!, {LR}
     3d4:	e8bd4000 	ldmfd	sp!, {lr}

	MSR	CPSR_c, #M_IRQ | B_Irq	@ Enter IRQ mode and disable Irq
     3d8:	e321f092 	msr	CPSR_c, #146	; 0x92
	LDMIA	SP!, {R0-R3,IP,LR}	@ Restore scratch/used registers and SPSR
     3dc:	e8bd500f 	pop	{r0, r1, r2, r3, ip, lr}
	MSR	SPSR_cxsf, LR		@ Restore SPSR_irq
     3e0:	e16ff00e 	msr	SPSR_fsxc, lr

	LDR	LR, =LPC_BASE_VIC	@ Issue EOI command to the VIC
     3e4:	e59fe004 	ldr	lr, [pc, #4]	; 3f0 <irq_handler+0x44>
	STR	LR, [LR, #VIC_VectAddr]
     3e8:	e58eef00 	str	lr, [lr, #3840]	; 0xf00

	LDMIA	SP!, {PC}^		@ Reruen from the IRQ handler
     3ec:	e8fd8000 	ldm	sp!, {pc}^
	SUB	LR, LR, #4		@ Adjust LR_irq and push it
	STMFD	SP!, {LR}

	MRS	LR, SPSR		@ Save SPSR need to be saved for nested interrupt
	STMFD	SP!, {R0-R3,IP,LR}	@ Push scratch/used registers and SPSR
	LDR	R0, =LPC_BASE_VIC	@ Get the ISR address pointed by VIC_VectAddr
     3f0:	fffff000 	.word	0xfffff000

000003f4 <fiq_handler>:
@ FIQ Handler
@ FIQ routine is typically written in assembler
@-----------------------------------------------------------@

fiq_handler:
	SUB	LR, LR, #4		@ Adjust LR_fiq
     3f4:	e24ee004 	sub	lr, lr, #4

	@ Put the FIQ service here

	MOVS	PC, LR			@ Return from FIQ
     3f8:	e1b0f00e 	movs	pc, lr

000003fc <swi_handler>:
@-----------------------------------------------------------@
@ SWI Service (declared in interrupt.h)
@-----------------------------------------------------------@

swi_handler:
	MRS	IP, SPSR
     3fc:	e14fc000 	mrs	ip, SPSR
	TST	IP, #B_Thumb		@ Check caller's state, ARM or Thumb
     400:	e31c0020 	tst	ip, #32
	LDRNEH	IP, [LR, #-2]		@ Get swi instruction code (on Thumb state)
     404:	115ec0b2 	ldrhne	ip, [lr, #-2]
	LDREQ	IP, [LR, #-4]		@ Get swi instruction code (on ARM state)
     408:	051ec004 	ldreq	ip, [lr, #-4]
	AND	IP, #0xFF		@ Get swi comment field (lower 8 bit)
     40c:	e20cc0ff 	and	ip, ip, #255	; 0xff
	CMP	IP, #7			@ Check range
     410:	e35c0007 	cmp	ip, #7
	LDRLO	PC, [PC, IP, LSL #2]	@ Jump to each service function when code is valid
     414:	379ff10c 	ldrcc	pc, [pc, ip, lsl #2]
	MOVS	PC, LR			@ Otherwise return
     418:	e1b0f00e 	movs	pc, lr
     41c:	00000438 	.word	0x00000438
     420:	00000448 	.word	0x00000448
     424:	00000458 	.word	0x00000458
     428:	0000047c 	.word	0x0000047c
     42c:	000004b4 	.word	0x000004b4
     430:	000004d4 	.word	0x000004d4
     434:	000004e4 	.word	0x000004e4

00000438 <irq_disable>:
	.word	sel_fiq		@ 4 Select FIQ interrupt
	.word	load_fiq	@ 5 Load FIQ shadow regs from memory
	.word	store_fiq	@ 6 Store FIQ shadow regs to memory

irq_disable:
	MRS	R0, SPSR
     438:	e14f0000 	mrs	r0, SPSR
	ORR	R0, R0, #B_Irq | B_Fiq
     43c:	e38000c0 	orr	r0, r0, #192	; 0xc0
	MSR	SPSR_c, R0
     440:	e161f000 	msr	SPSR_c, r0
	MOVS	PC, LR
     444:	e1b0f00e 	movs	pc, lr

00000448 <irq_enable>:

irq_enable:
	MRS	R0, SPSR
     448:	e14f0000 	mrs	r0, SPSR
	BIC	R0, R0, #B_Irq | B_Fiq
     44c:	e3c000c0 	bic	r0, r0, #192	; 0xc0
	MSR	SPSR_c, R0
     450:	e161f000 	msr	SPSR_c, r0
	MOVS	PC, LR
     454:	e1b0f00e 	movs	pc, lr

00000458 <clear_vect>:

clear_vect:
	LDR	IP, =LPC_BASE_VIC
     458:	e59fc094 	ldr	ip, [pc, #148]	; 4f4 <store_fiq+0x10>
	MVN	R0, #0				@ Disable all interrupts
     45c:	e3e00000 	mvn	r0, #0
	STR	R0, [IP, #VIC_IntEnClear]
     460:	e58c0014 	str	r0, [ip, #20]
	MOV	R0, R0, LSR #16			@ Unmask all interrupt levels
     464:	e1a00820 	lsr	r0, r0, #16
	STR	R0, [IP, #VIC_SWPriorityMask]
     468:	e58c0024 	str	r0, [ip, #36]	; 0x24
	MOV	R0, #1				@ Enable protection
     46c:	e3a00001 	mov	r0, #1
	STR	R0, [IP, #VIC_Protection]
     470:	e58c0020 	str	r0, [ip, #32]
	STR	R0, [IP, #VIC_VectAddr]		@ Issule EOI command
     474:	e58c0f00 	str	r0, [ip, #3840]	; 0xf00
	MOVS	PC, LR
     478:	e1b0f00e 	movs	pc, lr

0000047c <reg_irq>:

reg_irq:
	CMP	R0, #32				@ Range check
     47c:	e3500020 	cmp	r0, #32
	MOVCSS	PC, LR
     480:	21b0f00e 	movscs	pc, lr
	LDR	IP, =(LPC_BASE_VIC+VIC_VectAddr0)
     484:	e59fc06c 	ldr	ip, [pc, #108]	; 4f8 <store_fiq+0x14>
	STR	R1, [IP, R0, LSL #2]		@ Set VICVectVectAddr<n>
     488:	e78c1100 	str	r1, [ip, r0, lsl #2]
	LDR	IP, =(LPC_BASE_VIC+VIC_VectPriority0)
     48c:	e59fc068 	ldr	ip, [pc, #104]	; 4fc <store_fiq+0x18>
	STR	R2, [IP, R0, LSL #2]		@ Set VICVectPriority<n>
     490:	e78c2100 	str	r2, [ip, r0, lsl #2]
	MOV	R1, #1
     494:	e3a01001 	mov	r1, #1
	MOV	R1, R1, LSL R0
     498:	e1a01011 	lsl	r1, r1, r0
	LDR	IP, =LPC_BASE_VIC
     49c:	e59fc050 	ldr	ip, [pc, #80]	; 4f4 <store_fiq+0x10>
	LDR	R2, [IP, #VIC_IntSelect]	@ Clear corresponding bit in the VICIntSelect
     4a0:	e59c200c 	ldr	r2, [ip, #12]
	BIC	R2, R1
     4a4:	e1c22001 	bic	r2, r2, r1
	STR	R2, [IP, #VIC_IntSelect]
     4a8:	e58c200c 	str	r2, [ip, #12]
	STR	R1, [IP, #VIC_IntEnable]	@ Enable corresponding interrupt
     4ac:	e58c1010 	str	r1, [ip, #16]
	MOVS	PC, LR
     4b0:	e1b0f00e 	movs	pc, lr

000004b4 <sel_fiq>:

sel_fiq:
	CMP	R0, #32				@ Range check
     4b4:	e3500020 	cmp	r0, #32
	MOVCSS	PC, LR
     4b8:	21b0f00e 	movscs	pc, lr
	LDR	IP, =LPC_BASE_VIC
     4bc:	e59fc030 	ldr	ip, [pc, #48]	; 4f4 <store_fiq+0x10>
	MOV	R1, #1				@ Set corresponding bit in the VICIntSelect
     4c0:	e3a01001 	mov	r1, #1
	MOV	R1, R1, LSL R0
     4c4:	e1a01011 	lsl	r1, r1, r0
	STR	R1, [IP, #VIC_IntSelect]
     4c8:	e58c100c 	str	r1, [ip, #12]
	STR	R1, [IP, #VIC_IntEnable]	@ Enable corresponding interrupt
     4cc:	e58c1010 	str	r1, [ip, #16]
	MOVS	PC, LR
     4d0:	e1b0f00e 	movs	pc, lr

000004d4 <load_fiq>:

load_fiq:
	MSR	CPSR_c, #M_FIQ | B_Fiq
     4d4:	e321f051 	msr	CPSR_c, #81	; 0x51
	LDMIA	R0!, {R8-R12}			@ Load the memory to five shadow registers
     4d8:	e8b01f00 	ldm	r0!, {r8, r9, sl, fp, ip}
	MSR	CPSR_c, #M_SVC
     4dc:	e321f013 	msr	CPSR_c, #19
	MOVS	PC, LR
     4e0:	e1b0f00e 	movs	pc, lr

000004e4 <store_fiq>:

store_fiq:
	MSR	CPSR_c, #M_FIQ | B_Fiq
     4e4:	e321f051 	msr	CPSR_c, #81	; 0x51
	STMIA	R0!, {R8-R12}			@ Store five shadow registers to the memory
     4e8:	e8a01f00 	stmia	r0!, {r8, r9, sl, fp, ip}
	MSR	CPSR_c, #M_SVC
     4ec:	e321f013 	msr	CPSR_c, #19
	MOVS	PC, LR
     4f0:	e1b0f00e 	movs	pc, lr
	BIC	R0, R0, #B_Irq | B_Fiq
	MSR	SPSR_c, R0
	MOVS	PC, LR

clear_vect:
	LDR	IP, =LPC_BASE_VIC
     4f4:	fffff000 	.word	0xfffff000
	MOVS	PC, LR

reg_irq:
	CMP	R0, #32				@ Range check
	MOVCSS	PC, LR
	LDR	IP, =(LPC_BASE_VIC+VIC_VectAddr0)
     4f8:	fffff100 	.word	0xfffff100
	STR	R1, [IP, R0, LSL #2]		@ Set VICVectVectAddr<n>
	LDR	IP, =(LPC_BASE_VIC+VIC_VectPriority0)
     4fc:	fffff200 	.word	0xfffff200

00000500 <Copy_un2al>:
@ void Copy_un2al (DWORD *dst, const BYTE *src, int count);
.global Copy_un2al
.type Copy_un2al, %function
.func Copy_un2al
Copy_un2al:
	STMFD	SP!, {R4-R8}
     500:	e92d01f0 	push	{r4, r5, r6, r7, r8}
	ANDS	IP, R1, #3
     504:	e211c003 	ands	ip, r1, #3
	BEQ	lb_align
     508:	0a000012 	beq	558 <lb_align>

	BIC	R1, #3
     50c:	e3c11003 	bic	r1, r1, #3
	MOV	IP, IP, LSL #3
     510:	e1a0c18c 	lsl	ip, ip, #3
	RSB	R8, IP, #32
     514:	e26c8020 	rsb	r8, ip, #32
	LDMIA	R1!, {R7}
     518:	e8b10080 	ldm	r1!, {r7}
1:	MOV	R3, R7
     51c:	e1a03007 	mov	r3, r7
	LDMIA	R1!, {R4-R7}
     520:	e8b100f0 	ldm	r1!, {r4, r5, r6, r7}
	MOV	R3, R3, LSR IP
     524:	e1a03c33 	lsr	r3, r3, ip
	ORR	R3, R3, R4, LSL R8
     528:	e1833814 	orr	r3, r3, r4, lsl r8
	MOV	R4, R4, LSR IP
     52c:	e1a04c34 	lsr	r4, r4, ip
	ORR	R4, R4, R5, LSL R8
     530:	e1844815 	orr	r4, r4, r5, lsl r8
	MOV	R5, R5, LSR IP
     534:	e1a05c35 	lsr	r5, r5, ip
	ORR	R5, R5, R6, LSL R8
     538:	e1855816 	orr	r5, r5, r6, lsl r8
	MOV	R6, R6, LSR IP
     53c:	e1a06c36 	lsr	r6, r6, ip
	ORR	R6, R6, R7, LSL R8
     540:	e1866817 	orr	r6, r6, r7, lsl r8
	SUBS	R2, R2, #16
     544:	e2522010 	subs	r2, r2, #16
	STMIA	R0!, {R3-R6}
     548:	e8a00078 	stmia	r0!, {r3, r4, r5, r6}
	BNE	1b
     54c:	1afffff2 	bne	51c <Copy_un2al+0x1c>
	LDMFD	SP!, {R4-R8}
     550:	e8bd01f0 	pop	{r4, r5, r6, r7, r8}
	BX	LR
     554:	e12fff1e 	bx	lr

00000558 <lb_align>:

lb_align:
	LDMIA	R1!, {R3-R6}
     558:	e8b10078 	ldm	r1!, {r3, r4, r5, r6}
	SUBS	R2, R2, #16
     55c:	e2522010 	subs	r2, r2, #16
	STMIA	R0!, {R3-R6}
     560:	e8a00078 	stmia	r0!, {r3, r4, r5, r6}
	BNE	lb_align
     564:	1afffffb 	bne	558 <lb_align>
	LDMFD	SP!, {R4-R8}
     568:	e8bd01f0 	pop	{r4, r5, r6, r7, r8}
	BX	LR
     56c:	e12fff1e 	bx	lr

00000570 <Copy_al2un>:
@ void Copy_al2un (BYTE *dst, const DWORD *src, int count);
.global Copy_al2un
.type Copy_al2un, %function
.func Copy_al2un
Copy_al2un:
	STMFD	SP!, {R4-R8}
     570:	e92d01f0 	push	{r4, r5, r6, r7, r8}
	ANDS	IP, R0, #3
     574:	e210c003 	ands	ip, r0, #3
	BEQ	sb_align
     578:	0a000021 	beq	604 <sb_align>

	MOV	IP, IP, LSL #3
     57c:	e1a0c18c 	lsl	ip, ip, #3
	RSB	R8, IP, #32
     580:	e26c8020 	rsb	r8, ip, #32

	LDMIA	R1!, {R4-R7}
     584:	e8b100f0 	ldm	r1!, {r4, r5, r6, r7}
1:	STRB	R4, [R0], #1
     588:	e4c04001 	strb	r4, [r0], #1
	MOV	R4, R4, LSR #8
     58c:	e1a04424 	lsr	r4, r4, #8
	TST	R0, #3
     590:	e3100003 	tst	r0, #3
	BNE	1b
     594:	1afffffb 	bne	588 <Copy_al2un+0x18>
	ORR	R4, R4, R5, LSL IP
     598:	e1844c15 	orr	r4, r4, r5, lsl ip
	MOV	R5, R5, LSR R8
     59c:	e1a05835 	lsr	r5, r5, r8
	ORR	R5, R5, R6, LSL IP
     5a0:	e1855c16 	orr	r5, r5, r6, lsl ip
	MOV	R6, R6, LSR R8
     5a4:	e1a06836 	lsr	r6, r6, r8
	ORR	R6, R6, R7, LSL IP
     5a8:	e1866c17 	orr	r6, r6, r7, lsl ip
	SUBS	R2, R2, #16
     5ac:	e2522010 	subs	r2, r2, #16
	STMIA	R0!, {R4-R6}
     5b0:	e8a00070 	stmia	r0!, {r4, r5, r6}

2:	MOV	R3, R7
     5b4:	e1a03007 	mov	r3, r7
	LDMIA	R1!, {R4-R7}
     5b8:	e8b100f0 	ldm	r1!, {r4, r5, r6, r7}
	MOV	R3, R3, LSR R8
     5bc:	e1a03833 	lsr	r3, r3, r8
	ORR	R3, R3, R4, LSL IP
     5c0:	e1833c14 	orr	r3, r3, r4, lsl ip
	MOV	R4, R4, LSR R8
     5c4:	e1a04834 	lsr	r4, r4, r8
	ORR	R4, R4, R5, LSL IP
     5c8:	e1844c15 	orr	r4, r4, r5, lsl ip
	MOV	R5, R5, LSR R8
     5cc:	e1a05835 	lsr	r5, r5, r8
	ORR	R5, R5, R6, LSL IP
     5d0:	e1855c16 	orr	r5, r5, r6, lsl ip
	MOV	R6, R6, LSR R8
     5d4:	e1a06836 	lsr	r6, r6, r8
	ORR	R6, R6, R7, LSL IP
     5d8:	e1866c17 	orr	r6, r6, r7, lsl ip
	SUBS	R2, R2, #16
     5dc:	e2522010 	subs	r2, r2, #16
	STMIA	R0!, {R3-R6}
     5e0:	e8a00078 	stmia	r0!, {r3, r4, r5, r6}
	BNE	2b
     5e4:	1afffff2 	bne	5b4 <Copy_al2un+0x44>

	MOV	R7, R7, LSR R8
     5e8:	e1a07837 	lsr	r7, r7, r8
3:	SUBS	IP, IP, #8
     5ec:	e25cc008 	subs	ip, ip, #8
	STRB	R7, [R0], #1
     5f0:	e4c07001 	strb	r7, [r0], #1
	MOV	R7, R7, LSR #8
     5f4:	e1a07427 	lsr	r7, r7, #8
	BNE	3b
     5f8:	1afffffb 	bne	5ec <Copy_al2un+0x7c>

	LDMFD	SP!, {R4-R8}
     5fc:	e8bd01f0 	pop	{r4, r5, r6, r7, r8}
	BX	LR
     600:	e12fff1e 	bx	lr

00000604 <sb_align>:

sb_align:
	LDMIA	R1!, {R3-R6}
     604:	e8b10078 	ldm	r1!, {r3, r4, r5, r6}
	SUBS	R2, #16
     608:	e2522010 	subs	r2, r2, #16
	STMIA	R0!, {R3-R6}
     60c:	e8a00078 	stmia	r0!, {r3, r4, r5, r6}
	BNE	sb_align
     610:	1afffffb 	bne	604 <sb_align>
	LDMFD	SP!, {R4-R8}
     614:	e8bd01f0 	pop	{r4, r5, r6, r7, r8}
	BX	LR
     618:	e12fff1e 	bx	lr

0000061c <gpio_init>:
#include "timers.h"
#include "adc_dac.h"

void gpio_init (void)
{	
	SCS |= 1;
     61c:	2101      	movs	r1, #1
     61e:	4a0e      	ldr	r2, [pc, #56]	; (658 <gpio_init+0x3c>)
     620:	6813      	ldr	r3, [r2, #0]
     622:	430b      	orrs	r3, r1
     624:	6013      	str	r3, [r2, #0]
	FIO2MASK = 0;
     626:	2200      	movs	r2, #0
	/* Leds to output */
	FIO2DIR |= (1 << LED1) | (1 << LED2);
     628:	2003      	movs	r0, #3
#include "adc_dac.h"

void gpio_init (void)
{	
	SCS |= 1;
	FIO2MASK = 0;
     62a:	4b0c      	ldr	r3, [pc, #48]	; (65c <gpio_init+0x40>)
	/* Leds to output */
	FIO2DIR |= (1 << LED1) | (1 << LED2);
     62c:	490c      	ldr	r1, [pc, #48]	; (660 <gpio_init+0x44>)
#include "adc_dac.h"

void gpio_init (void)
{	
	SCS |= 1;
	FIO2MASK = 0;
     62e:	601a      	str	r2, [r3, #0]
	/* Leds to output */
	FIO2DIR |= (1 << LED1) | (1 << LED2);
     630:	680b      	ldr	r3, [r1, #0]
     632:	4303      	orrs	r3, r0
     634:	600b      	str	r3, [r1, #0]

	/* FIO1MASK = 0xFFFFFFFF & (0 << DAC) | (0 << ADC); */
	FIO1MASK = 0;
     636:	4b0b      	ldr	r3, [pc, #44]	; (664 <gpio_init+0x48>)
     638:	601a      	str	r2, [r3, #0]
	FIO1DIR |=  (1 << DAC) | (1 << ADC) | (1 << ADC_DIN) | (1 << ADC_SCLK);	/*  Slave select pins  */
     63a:	4b0b      	ldr	r3, [pc, #44]	; (668 <gpio_init+0x4c>)
     63c:	490b      	ldr	r1, [pc, #44]	; (66c <gpio_init+0x50>)
     63e:	681a      	ldr	r2, [r3, #0]
     640:	430a      	orrs	r2, r1
     642:	601a      	str	r2, [r3, #0]
	FIO1DIR &= ~(1 << ADC_DOUT);
     644:	4a0a      	ldr	r2, [pc, #40]	; (670 <gpio_init+0x54>)
     646:	6819      	ldr	r1, [r3, #0]
     648:	400a      	ands	r2, r1
     64a:	601a      	str	r2, [r3, #0]
	/* FIO1DIR |=  (1 << DAC) | (1 << ADC);[> 	Slave select pins  <] */
	FIO1SET |= (1 << ADC) | (1 << DAC) | (1 << ADC_SCLK);	 /*  Set hight level  */
     64c:	4a09      	ldr	r2, [pc, #36]	; (674 <gpio_init+0x58>)
     64e:	490a      	ldr	r1, [pc, #40]	; (678 <gpio_init+0x5c>)
     650:	6813      	ldr	r3, [r2, #0]
     652:	430b      	orrs	r3, r1
     654:	6013      	str	r3, [r2, #0]
}
     656:	4770      	bx	lr
     658:	e01fc1a0 	.word	0xe01fc1a0
     65c:	3fffc050 	.word	0x3fffc050
     660:	3fffc040 	.word	0x3fffc040
     664:	3fffc030 	.word	0x3fffc030
     668:	3fffc020 	.word	0x3fffc020
     66c:	21140000 	.word	0x21140000
     670:	ff7fffff 	.word	0xff7fffff
     674:	3fffc038 	.word	0x3fffc038
     678:	20140000 	.word	0x20140000

0000067c <led_set>:
void led_set(uint8_t led)
{
	FIO2SET |= (1 << led);
     67c:	2201      	movs	r2, #1
     67e:	4082      	lsls	r2, r0
     680:	1c10      	adds	r0, r2, #0
     682:	4902      	ldr	r1, [pc, #8]	; (68c <led_set+0x10>)
     684:	680b      	ldr	r3, [r1, #0]
     686:	4318      	orrs	r0, r3
     688:	6008      	str	r0, [r1, #0]
}
     68a:	4770      	bx	lr
     68c:	3fffc058 	.word	0x3fffc058

00000690 <led_clear>:
void led_clear(uint8_t led)
{
	FIO2CLR |= (1 << led);
     690:	2201      	movs	r2, #1
     692:	4082      	lsls	r2, r0
     694:	1c10      	adds	r0, r2, #0
     696:	4902      	ldr	r1, [pc, #8]	; (6a0 <led_clear+0x10>)
     698:	680b      	ldr	r3, [r1, #0]
     69a:	4318      	orrs	r0, r3
     69c:	6008      	str	r0, [r1, #0]
}
     69e:	4770      	bx	lr
     6a0:	3fffc05c 	.word	0x3fffc05c

000006a4 <gpio_set>:
void gpio_set(uint8_t port, uint8_t pin)
{
     6a4:	b510      	push	{r4, lr}
	switch (port)
     6a6:	2801      	cmp	r0, #1
     6a8:	d00f      	beq.n	6ca <gpio_set+0x26>
     6aa:	2800      	cmp	r0, #0
     6ac:	d009      	beq.n	6c2 <gpio_set+0x1e>
     6ae:	2802      	cmp	r0, #2
     6b0:	d110      	bne.n	6d4 <gpio_set+0x30>
			break;
		case 1:
			FIO1SET |= (1 << pin);
			break;
		case 2:
			FIO2SET |= (1 << pin);
     6b2:	2201      	movs	r2, #1
     6b4:	408a      	lsls	r2, r1
     6b6:	1c10      	adds	r0, r2, #0
     6b8:	4c08      	ldr	r4, [pc, #32]	; (6dc <gpio_set+0x38>)
     6ba:	6823      	ldr	r3, [r4, #0]
     6bc:	4318      	orrs	r0, r3
     6be:	6020      	str	r0, [r4, #0]
			break;
     6c0:	e008      	b.n	6d4 <gpio_set+0x30>
void gpio_set(uint8_t port, uint8_t pin)
{
	switch (port)
	{
		case 0:
			FIO0SET |= (1 << pin);
     6c2:	4a07      	ldr	r2, [pc, #28]	; (6e0 <gpio_set+0x3c>)
     6c4:	2001      	movs	r0, #1
     6c6:	6813      	ldr	r3, [r2, #0]
     6c8:	e001      	b.n	6ce <gpio_set+0x2a>
			break;
		case 1:
			FIO1SET |= (1 << pin);
     6ca:	4a06      	ldr	r2, [pc, #24]	; (6e4 <gpio_set+0x40>)
     6cc:	6813      	ldr	r3, [r2, #0]
     6ce:	4088      	lsls	r0, r1
     6d0:	4318      	orrs	r0, r3
     6d2:	6010      	str	r0, [r2, #0]
			FIO2SET |= (1 << pin);
			break;
		default:
			break;	
	}
}
     6d4:	bc10      	pop	{r4}
     6d6:	bc01      	pop	{r0}
     6d8:	4700      	bx	r0
     6da:	46c0      	nop			; (mov r8, r8)
     6dc:	3fffc058 	.word	0x3fffc058
     6e0:	3fffc018 	.word	0x3fffc018
     6e4:	3fffc038 	.word	0x3fffc038

000006e8 <gpio_clear>:
void gpio_clear(uint8_t port, uint8_t pin)
{
     6e8:	b510      	push	{r4, lr}
	switch (port)
     6ea:	2801      	cmp	r0, #1
     6ec:	d00f      	beq.n	70e <gpio_clear+0x26>
     6ee:	2800      	cmp	r0, #0
     6f0:	d009      	beq.n	706 <gpio_clear+0x1e>
     6f2:	2802      	cmp	r0, #2
     6f4:	d110      	bne.n	718 <gpio_clear+0x30>
			break;
		case 1:
			FIO1CLR |= (1 << pin);
			break;
		case 2:
			FIO2CLR |= (1 << pin);
     6f6:	2201      	movs	r2, #1
     6f8:	408a      	lsls	r2, r1
     6fa:	1c10      	adds	r0, r2, #0
     6fc:	4c08      	ldr	r4, [pc, #32]	; (720 <gpio_clear+0x38>)
     6fe:	6823      	ldr	r3, [r4, #0]
     700:	4318      	orrs	r0, r3
     702:	6020      	str	r0, [r4, #0]
			break;
     704:	e008      	b.n	718 <gpio_clear+0x30>
void gpio_clear(uint8_t port, uint8_t pin)
{
	switch (port)
	{
		case 0:
			FIO0CLR |= (1 << pin);
     706:	4a07      	ldr	r2, [pc, #28]	; (724 <gpio_clear+0x3c>)
     708:	2001      	movs	r0, #1
     70a:	6813      	ldr	r3, [r2, #0]
     70c:	e001      	b.n	712 <gpio_clear+0x2a>
			break;
		case 1:
			FIO1CLR |= (1 << pin);
     70e:	4a06      	ldr	r2, [pc, #24]	; (728 <gpio_clear+0x40>)
     710:	6813      	ldr	r3, [r2, #0]
     712:	4088      	lsls	r0, r1
     714:	4318      	orrs	r0, r3
     716:	6010      	str	r0, [r2, #0]
			FIO2CLR |= (1 << pin);
			break;
		default:
			break;	
	}
}
     718:	bc10      	pop	{r4}
     71a:	bc01      	pop	{r0}
     71c:	4700      	bx	r0
     71e:	46c0      	nop			; (mov r8, r8)
     720:	3fffc05c 	.word	0x3fffc05c
     724:	3fffc01c 	.word	0x3fffc01c
     728:	3fffc03c 	.word	0x3fffc03c

0000072c <pll_init>:
void pll_init(void)
{
	// 1. Init OSC
	SCS = (1 << 5);
     72c:	2220      	movs	r2, #32
     72e:	4b1d      	ldr	r3, [pc, #116]	; (7a4 <pll_init+0x78>)
		default:
			break;	
	}
}
void pll_init(void)
{
     730:	b570      	push	{r4, r5, r6, lr}
	// 1. Init OSC
	SCS = (1 << 5);
     732:	601a      	str	r2, [r3, #0]
	// 2.  Wait for OSC ready
	while (!(SCS & 0x40)); //	[>Osc stabilization procedure<] 
     734:	681a      	ldr	r2, [r3, #0]
     736:	0652      	lsls	r2, r2, #25
     738:	d5fc      	bpl.n	734 <pll_init+0x8>
	// 3. Disconnect PLL
	PLLCON = 1; 
	PLLFEED = 0xAA;
     73a:	20aa      	movs	r0, #170	; 0xaa
	PLLFEED = 0x55;
     73c:	2155      	movs	r1, #85	; 0x55
	// 1. Init OSC
	SCS = (1 << 5);
	// 2.  Wait for OSC ready
	while (!(SCS & 0x40)); //	[>Osc stabilization procedure<] 
	// 3. Disconnect PLL
	PLLCON = 1; 
     73e:	2501      	movs	r5, #1
	PLLFEED = 0xAA;
	PLLFEED = 0x55;
	// 4. Disable PLL
	PLLCON = 0;
     740:	2400      	movs	r4, #0
	SCS = (1 << 5);
	// 2.  Wait for OSC ready
	while (!(SCS & 0x40)); //	[>Osc stabilization procedure<] 
	// 3. Disconnect PLL
	PLLCON = 1; 
	PLLFEED = 0xAA;
     742:	4b19      	ldr	r3, [pc, #100]	; (7a8 <pll_init+0x7c>)
	// 1. Init OSC
	SCS = (1 << 5);
	// 2.  Wait for OSC ready
	while (!(SCS & 0x40)); //	[>Osc stabilization procedure<] 
	// 3. Disconnect PLL
	PLLCON = 1; 
     744:	4a19      	ldr	r2, [pc, #100]	; (7ac <pll_init+0x80>)
     746:	6015      	str	r5, [r2, #0]
	PLLFEED = 0xAA;
     748:	6018      	str	r0, [r3, #0]
	PLLFEED = 0x55;
     74a:	6019      	str	r1, [r3, #0]
	// 4. Disable PLL
	PLLCON = 0;
     74c:	6014      	str	r4, [r2, #0]
	PLLFEED = 0xAA;
	PLLFEED = 0x55;
	// 5. Select source clock for PLL
	CLKSRCSEL = 1;			/* Select external as the PLL clock source */
     74e:	4c18      	ldr	r4, [pc, #96]	; (7b0 <pll_init+0x84>)
	PLLCON = 1; 
	PLLFEED = 0xAA;
	PLLFEED = 0x55;
	// 4. Disable PLL
	PLLCON = 0;
	PLLFEED = 0xAA;
     750:	6018      	str	r0, [r3, #0]
	PLLFEED = 0x55;
	// 5. Select source clock for PLL
	CLKSRCSEL = 1;			/* Select external as the PLL clock source */
	// 6. Set PLL settings 288 MHz
	PLLCFG = ((2 - 1) << 16) | (24 - 1);	/* Re-configure PLL */
     752:	4e18      	ldr	r6, [pc, #96]	; (7b4 <pll_init+0x88>)
	PLLFEED = 0xAA;
	PLLFEED = 0x55;
	// 4. Disable PLL
	PLLCON = 0;
	PLLFEED = 0xAA;
	PLLFEED = 0x55;
     754:	6019      	str	r1, [r3, #0]
	// 5. Select source clock for PLL
	CLKSRCSEL = 1;			/* Select external as the PLL clock source */
     756:	6025      	str	r5, [r4, #0]
	// 6. Set PLL settings 288 MHz
	PLLCFG = ((2 - 1) << 16) | (24 - 1);	/* Re-configure PLL */
     758:	4c17      	ldr	r4, [pc, #92]	; (7b8 <pll_init+0x8c>)
     75a:	6026      	str	r6, [r4, #0]
	PLLFEED = 0xAA;
     75c:	6018      	str	r0, [r3, #0]
	PLLFEED = 0x55;
     75e:	6019      	str	r1, [r3, #0]
	// 7. Enable PLL
	PLLCON |= 1 << 0; 
     760:	6814      	ldr	r4, [r2, #0]
     762:	432c      	orrs	r4, r5
     764:	6014      	str	r4, [r2, #0]
	PLLFEED = 0xAA;
     766:	6018      	str	r0, [r3, #0]
	PLLFEED = 0x55;
     768:	6019      	str	r1, [r3, #0]
	// 8. Wait for the PLL to achieve lock
	while ((PLLSTAT & (1 << 26)) == 0);	/* Wait for PLL locked */
     76a:	4914      	ldr	r1, [pc, #80]	; (7bc <pll_init+0x90>)
     76c:	6809      	ldr	r1, [r1, #0]
     76e:	0149      	lsls	r1, r1, #5
     770:	d5fb      	bpl.n	76a <pll_init+0x3e>
	// 9. Set clk divider settings
	CCLKCFG   = 4-1;            // 1/4 Fpll - 72 MHz; 1/5 - 60
     772:	2003      	movs	r0, #3
     774:	4912      	ldr	r1, [pc, #72]	; (7c0 <pll_init+0x94>)
     776:	6008      	str	r0, [r1, #0]
	//USBCLKCFG = 6-1;            // 1/6 Fpll - 48 MHz
	PCLKSEL0 = PCLKSEL1 = 0;    // other peripherals
     778:	2000      	movs	r0, #0
     77a:	4912      	ldr	r1, [pc, #72]	; (7c4 <pll_init+0x98>)
     77c:	4c12      	ldr	r4, [pc, #72]	; (7c8 <pll_init+0x9c>)
     77e:	6008      	str	r0, [r1, #0]
     780:	6020      	str	r0, [r4, #0]


	PCLKSEL1 = 1 << 2;	//GPIO: 0 - 1/4; 1 - 1; 2 - 1/2; 3 - 1/8
     782:	3004      	adds	r0, #4
     784:	6008      	str	r0, [r1, #0]

	// 10. Connect the PLL
	PLLCON |= 1 << 1;
     786:	6811      	ldr	r1, [r2, #0]
     788:	3802      	subs	r0, #2
     78a:	4301      	orrs	r1, r0
     78c:	6011      	str	r1, [r2, #0]
	PLLFEED = 0xAA;
     78e:	22aa      	movs	r2, #170	; 0xaa
     790:	601a      	str	r2, [r3, #0]
	PLLFEED = 0x55;
     792:	3a55      	subs	r2, #85	; 0x55
     794:	601a      	str	r2, [r3, #0]

	ClearVector();			/* Initialie VIC */
     796:	f000 f82f 	bl	7f8 <ClearVector>
	/* GPIOInit(); */
	IrqEnable();			/* Enable Irq */
     79a:	f000 f82b 	bl	7f4 <IrqEnable>

}
     79e:	bc70      	pop	{r4, r5, r6}
     7a0:	bc01      	pop	{r0}
     7a2:	4700      	bx	r0
     7a4:	e01fc1a0 	.word	0xe01fc1a0
     7a8:	e01fc08c 	.word	0xe01fc08c
     7ac:	e01fc080 	.word	0xe01fc080
     7b0:	e01fc10c 	.word	0xe01fc10c
     7b4:	00010017 	.word	0x00010017
     7b8:	e01fc084 	.word	0xe01fc084
     7bc:	e01fc088 	.word	0xe01fc088
     7c0:	e01fc104 	.word	0xe01fc104
     7c4:	e01fc1ac 	.word	0xe01fc1ac
     7c8:	e01fc1a8 	.word	0xe01fc1a8

000007cc <main>:


int main (void)
{
     7cc:	b508      	push	{r3, lr}
	uint16_t i, j, rise; 
	pll_init();
     7ce:	f7ff ffad 	bl	72c <pll_init>
	uart0_init();	
     7d2:	f000 f89d 	bl	910 <uart0_init>
	/* SPI0_init(); */
	timer0_init();
     7d6:	f000 fb17 	bl	e08 <timer0_init>
	gpio_init();
     7da:	f7ff ff1f 	bl	61c <gpio_init>
	adc_init();
     7de:	f000 fa30 	bl	c42 <adc_init>
	UART0_send("\nLPC initialized\n", 17);
     7e2:	4802      	ldr	r0, [pc, #8]	; (7ec <main+0x20>)
     7e4:	2111      	movs	r1, #17
     7e6:	f000 f907 	bl	9f8 <UART0_send>
		/* led_set(LED2); */
		/* for (i = 0; i < 200; i++); */
		/* led_clear(LED2); */
		/* for (i = 0; i < 200; i++); */
		/* dac_set_voltage(0x0BE1); */
	}
     7ea:	e7fe      	b.n	7ea <main+0x1e>
     7ec:	000012b7 	.word	0x000012b7

000007f0 <IrqDisable>:


/* Disable/Enable Irq */
void IrqDisable (void)
{
	asm ("swi 0\n");
     7f0:	df00      	svc	0
}
     7f2:	4770      	bx	lr

000007f4 <IrqEnable>:

void IrqEnable (void)
{
	asm ("swi 1\n");
     7f4:	df01      	svc	1
}
     7f6:	4770      	bx	lr

000007f8 <ClearVector>:


/* Unregister all ISRs */
void ClearVector (void)
{
	asm ("swi 2\n");
     7f8:	df02      	svc	2
}
     7fa:	4770      	bx	lr

000007fc <RegisterIrq>:
	int irq,
	void(*isr)(void),
	int pri
)
{
	asm (
     7fc:	df03      	svc	3
	"@ MOV R0, %0\n"
	"@ MOV R1, %1\n"
	"@ MOV R2, %2\n"
	"swi 3\n" : : "r" (irq), "r" (isr), "r" (pri)
	);
}
     7fe:	4770      	bx	lr

00000800 <SelectFiq>:
/* Switch an interrtupt source as FIQ */
void SelectFiq (
	int irq
)
{
	asm (
     800:	df04      	svc	4
	"@ MOV R0, %0\n"
	"swi 4\n" : : "r" (irq)
	);
}
     802:	4770      	bx	lr

00000804 <LoadFiqRegs>:
/* Load shadow regs R8-R12 from memory */
void LoadFiqRegs (
	long *regs
)
{
	asm (
     804:	df05      	svc	5
	"@ MOV R0, %0\n"
	"swi 5\n" : : "r" (regs)
	);
}
     806:	4770      	bx	lr

00000808 <StoreFiqRegs>:
/* Store shadow regs R8-R12 to memory */
void StoreFiqRegs (
	long *regs
)
{
	asm (
     808:	df06      	svc	6
	"@ MOV R0, %0\n"
	"swi 6\n" : : "r" (regs)
	);
}
     80a:	4770      	bx	lr

0000080c <Isr_UART0>:
	uint16_t	ri, wi, ct;
	uint8_t		buff[UART0_RXB];
} RxBuff0;

void Isr_UART0 (void)
{
     80c:	b538      	push	{r3, r4, r5, lr}

	uint8_t iir, d;
	int i;

	iir = U0LSR;		/* 	[> [> Get interrupt ID <] <] */
     80e:	4b14      	ldr	r3, [pc, #80]	; (860 <Isr_UART0+0x54>)
     810:	681a      	ldr	r2, [r3, #0]
     812:	4b14      	ldr	r3, [pc, #80]	; (864 <Isr_UART0+0x58>)
	if(iir & 1 != 0)
	{	
		d = U0RBR;
     814:	681b      	ldr	r3, [r3, #0]
     816:	061b      	lsls	r3, r3, #24
     818:	0e1b      	lsrs	r3, r3, #24

	uint8_t iir, d;
	int i;

	iir = U0LSR;		/* 	[> [> Get interrupt ID <] <] */
	if(iir & 1 != 0)
     81a:	07d2      	lsls	r2, r2, #31
     81c:	d510      	bpl.n	840 <Isr_UART0+0x34>
     81e:	4c12      	ldr	r4, [pc, #72]	; (868 <Isr_UART0+0x5c>)
     820:	4812      	ldr	r0, [pc, #72]	; (86c <Isr_UART0+0x60>)
	{	
		d = U0RBR;
		if (d == '\n')
     822:	2b0a      	cmp	r3, #10
     824:	d108      	bne.n	838 <Isr_UART0+0x2c>
		{
			resiever[rec_len++] = 0;	/* Make null-terminated string */
     826:	2500      	movs	r5, #0
     828:	7823      	ldrb	r3, [r4, #0]
     82a:	1c5a      	adds	r2, r3, #1
     82c:	7022      	strb	r2, [r4, #0]
     82e:	54c5      	strb	r5, [r0, r3]
			process_command(resiever);
     830:	f000 f904 	bl	a3c <process_command>
			rec_len = 0;
     834:	7025      	strb	r5, [r4, #0]
     836:	e00d      	b.n	854 <Isr_UART0+0x48>
		}else{
			resiever[rec_len++] = d;
     838:	7822      	ldrb	r2, [r4, #0]
     83a:	1c51      	adds	r1, r2, #1
     83c:	7021      	strb	r1, [r4, #0]
     83e:	5483      	strb	r3, [r0, r2]
		}
	}else{
		d = U0RBR;
	}
	if (d == 'L')
     840:	2b4c      	cmp	r3, #76	; 0x4c
     842:	d102      	bne.n	84a <Isr_UART0+0x3e>
	{
		FIO2SET = (1 << LED1) | (1 << LED2);
     844:	2203      	movs	r2, #3
     846:	4b0a      	ldr	r3, [pc, #40]	; (870 <Isr_UART0+0x64>)
     848:	e003      	b.n	852 <Isr_UART0+0x46>
	}else if (d == 'O')
     84a:	2b4f      	cmp	r3, #79	; 0x4f
     84c:	d102      	bne.n	854 <Isr_UART0+0x48>
	{
		FIO2CLR = (1 << LED1) | (1 << LED2);
     84e:	2203      	movs	r2, #3
     850:	4b08      	ldr	r3, [pc, #32]	; (874 <Isr_UART0+0x68>)
     852:	601a      	str	r2, [r3, #0]

	}
	VICVectAddr = 0;
     854:	2200      	movs	r2, #0
     856:	4b08      	ldr	r3, [pc, #32]	; (878 <Isr_UART0+0x6c>)
     858:	601a      	str	r2, [r3, #0]

}
     85a:	bc38      	pop	{r3, r4, r5}
     85c:	bc01      	pop	{r0}
     85e:	4700      	bx	r0
     860:	e000c014 	.word	0xe000c014
     864:	e000c000 	.word	0xe000c000
     868:	40000434 	.word	0x40000434
     86c:	40000544 	.word	0x40000544
     870:	3fffc058 	.word	0x3fffc058
     874:	3fffc05c 	.word	0x3fffc05c
     878:	ffffff00 	.word	0xffffff00

0000087c <uart0_test>:


int uart0_test (void)
{
	return RxBuff0.ct;
     87c:	4b01      	ldr	r3, [pc, #4]	; (884 <uart0_test+0x8>)
     87e:	88d8      	ldrh	r0, [r3, #6]
}
     880:	4770      	bx	lr
     882:	46c0      	nop			; (mov r8, r8)
     884:	40000434 	.word	0x40000434

00000888 <uart0_getc>:
{
	uint8_t d;
	int i;

	/* Wait while Rx buffer is empty */
	while (!RxBuff0.ct) ;
     888:	4b0b      	ldr	r3, [pc, #44]	; (8b8 <uart0_getc+0x30>)
     88a:	88da      	ldrh	r2, [r3, #6]
     88c:	3302      	adds	r3, #2
     88e:	2a00      	cmp	r2, #0
     890:	d0fa      	beq.n	888 <uart0_getc>

	i = RxBuff0.ri;	/* Get a byte from Rx buffer */
     892:	881a      	ldrh	r2, [r3, #0]
	d = RxBuff0.buff[i++];
     894:	1899      	adds	r1, r3, r2
     896:	7988      	ldrb	r0, [r1, #6]
	RxBuff0.ri = i % UART0_RXB;
     898:	217f      	movs	r1, #127	; 0x7f

	/* Wait while Rx buffer is empty */
	while (!RxBuff0.ct) ;

	i = RxBuff0.ri;	/* Get a byte from Rx buffer */
	d = RxBuff0.buff[i++];
     89a:	3201      	adds	r2, #1
	RxBuff0.ri = i % UART0_RXB;
     89c:	400a      	ands	r2, r1
     89e:	801a      	strh	r2, [r3, #0]
	U0IER = 0;		/* Disable interrupts */
     8a0:	2200      	movs	r2, #0
     8a2:	4906      	ldr	r1, [pc, #24]	; (8bc <uart0_getc+0x34>)
     8a4:	600a      	str	r2, [r1, #0]
	RxBuff0.ct--;
     8a6:	889a      	ldrh	r2, [r3, #4]
     8a8:	3a01      	subs	r2, #1
     8aa:	0412      	lsls	r2, r2, #16
     8ac:	0c12      	lsrs	r2, r2, #16
     8ae:	809a      	strh	r2, [r3, #4]
	U0IER = 0x07;	/* Reenable interrupt */
     8b0:	2307      	movs	r3, #7
     8b2:	600b      	str	r3, [r1, #0]

	return d;
}
     8b4:	4770      	bx	lr
     8b6:	46c0      	nop			; (mov r8, r8)
     8b8:	40000434 	.word	0x40000434
     8bc:	e000c004 	.word	0xe000c004

000008c0 <uart0_putc>:


void uart0_putc (uint8_t d)
{
     8c0:	b510      	push	{r4, lr}
	int i;

	/* Wait for Tx buffer ready */
	while (TxBuff0.ct >= UART0_TXB) ;
     8c2:	4b10      	ldr	r3, [pc, #64]	; (904 <uart0_putc+0x44>)
     8c4:	899a      	ldrh	r2, [r3, #12]
     8c6:	2a7f      	cmp	r2, #127	; 0x7f
     8c8:	d8fb      	bhi.n	8c2 <uart0_putc+0x2>

	U0IER = 0x05;		/* Disable Tx Interrupt */
     8ca:	2205      	movs	r2, #5
     8cc:	490e      	ldr	r1, [pc, #56]	; (908 <uart0_putc+0x48>)
     8ce:	600a      	str	r2, [r1, #0]
	if (TxBuff0.act) {
     8d0:	89da      	ldrh	r2, [r3, #14]
     8d2:	2a00      	cmp	r2, #0
     8d4:	d00c      	beq.n	8f0 <uart0_putc+0x30>
		i = TxBuff0.wi;	/* Put a byte into Tx byffer */
     8d6:	895a      	ldrh	r2, [r3, #10]
		TxBuff0.buff[i++] = d;
     8d8:	189c      	adds	r4, r3, r2
     8da:	7420      	strb	r0, [r4, #16]
		TxBuff0.wi = i % UART0_TXB;
     8dc:	207f      	movs	r0, #127	; 0x7f
	while (TxBuff0.ct >= UART0_TXB) ;

	U0IER = 0x05;		/* Disable Tx Interrupt */
	if (TxBuff0.act) {
		i = TxBuff0.wi;	/* Put a byte into Tx byffer */
		TxBuff0.buff[i++] = d;
     8de:	3201      	adds	r2, #1
		TxBuff0.wi = i % UART0_TXB;
     8e0:	4002      	ands	r2, r0
     8e2:	815a      	strh	r2, [r3, #10]
		TxBuff0.ct++;
     8e4:	899a      	ldrh	r2, [r3, #12]
     8e6:	3201      	adds	r2, #1
     8e8:	0412      	lsls	r2, r2, #16
     8ea:	0c12      	lsrs	r2, r2, #16
     8ec:	819a      	strh	r2, [r3, #12]
     8ee:	e003      	b.n	8f8 <uart0_putc+0x38>
	} else {
		U0THR = d;		/* Trigger Tx sequense */
     8f0:	4a06      	ldr	r2, [pc, #24]	; (90c <uart0_putc+0x4c>)
     8f2:	6010      	str	r0, [r2, #0]
		TxBuff0.act = 1;
     8f4:	2201      	movs	r2, #1
     8f6:	81da      	strh	r2, [r3, #14]
	}
	U0IER = 0x07;		/* Reenable Tx Interrupt */
     8f8:	2307      	movs	r3, #7
     8fa:	600b      	str	r3, [r1, #0]
}
     8fc:	bc10      	pop	{r4}
     8fe:	bc01      	pop	{r0}
     900:	4700      	bx	r0
     902:	46c0      	nop			; (mov r8, r8)
     904:	400004b4 	.word	0x400004b4
     908:	e000c004 	.word	0xe000c004
     90c:	e000c000 	.word	0xe000c000

00000910 <uart0_init>:


void uart0_init (void)
{
	//UART0
	PCONP |= 1 << PCUART0; // Питание на UART0
     910:	2108      	movs	r1, #8
     912:	4a16      	ldr	r2, [pc, #88]	; (96c <uart0_init+0x5c>)
	U0IER = 0x07;		/* Reenable Tx Interrupt */
}


void uart0_init (void)
{
     914:	b508      	push	{r3, lr}
	//UART0
	PCONP |= 1 << PCUART0; // Питание на UART0
     916:	6813      	ldr	r3, [r2, #0]
     918:	430b      	orrs	r3, r1
     91a:	6013      	str	r3, [r2, #0]
	//PCLKSEL0 |= 1 << PINSEL_UART0_0;      // PCLK = CCLK

	//8 bit lenght word,1 stop bit,disable parity generation,disable breake transmission, enable access to Divisor Latches
	U0LCR |= (1 << word_len_0)|(1 << word_len_1)|(1 << DLAB);
     91c:	4b14      	ldr	r3, [pc, #80]	; (970 <uart0_init+0x60>)
     91e:	681a      	ldr	r2, [r3, #0]
     920:	317b      	adds	r1, #123	; 0x7b
     922:	430a      	orrs	r2, r1
     924:	601a      	str	r2, [r3, #0]
	//f = 18 mGz,Baud = 115200.
	U0FDR = 0xC1;
     926:	4a13      	ldr	r2, [pc, #76]	; (974 <uart0_init+0x64>)
     928:	313e      	adds	r1, #62	; 0x3e
     92a:	6011      	str	r1, [r2, #0]
	U0DLL = 0x09;
     92c:	4a12      	ldr	r2, [pc, #72]	; (978 <uart0_init+0x68>)
     92e:	39b8      	subs	r1, #184	; 0xb8
     930:	6011      	str	r1, [r2, #0]
	U0DLM = 0x00;
     932:	2100      	movs	r1, #0
	U0LCR &= ~(1 << DLAB);//DLAB = 0
     934:	2080      	movs	r0, #128	; 0x80
	//8 bit lenght word,1 stop bit,disable parity generation,disable breake transmission, enable access to Divisor Latches
	U0LCR |= (1 << word_len_0)|(1 << word_len_1)|(1 << DLAB);
	//f = 18 mGz,Baud = 115200.
	U0FDR = 0xC1;
	U0DLL = 0x09;
	U0DLM = 0x00;
     936:	4a11      	ldr	r2, [pc, #68]	; (97c <uart0_init+0x6c>)
     938:	6011      	str	r1, [r2, #0]
	U0LCR &= ~(1 << DLAB);//DLAB = 0
     93a:	6819      	ldr	r1, [r3, #0]
     93c:	4381      	bics	r1, r0
     93e:	6019      	str	r1, [r3, #0]

	//UART FIFO Нужно ли оно?
	U0FCR |= ((1 << FIFO_Enable )|(1 << RX_FIFO_Reset)|(1 << TX_FIFO_Reset));//Enable and reset TX and RX FIFO
     940:	490f      	ldr	r1, [pc, #60]	; (980 <uart0_init+0x70>)
     942:	680b      	ldr	r3, [r1, #0]
     944:	3879      	subs	r0, #121	; 0x79
     946:	4303      	orrs	r3, r0
     948:	600b      	str	r3, [r1, #0]

	//Настройка ножек мк: P0(2) - TxD,P0(3) - RxD.
	//P0.02,P0.03 - pull-up mode
	PINSEL0 |= (1 << 4)|(1 << 6);
     94a:	490e      	ldr	r1, [pc, #56]	; (984 <uart0_init+0x74>)
     94c:	680b      	ldr	r3, [r1, #0]
     94e:	3049      	adds	r0, #73	; 0x49
     950:	4303      	orrs	r3, r0
     952:	600b      	str	r3, [r1, #0]

	//Interrupts
	/* InstallIRQ( UART0_INT, (void *)UART0_INT_Handler, 0x0E); */
	/* U0IER |= ((1 << RBR_Enable )|(1 << THRE_Enable)|(1 << RLS_Enable));[> Enable UART0 interrupt <] */
	U0IER |= (1 << RBR_Enable );/* Enable UART0 interrupt */
     954:	2101      	movs	r1, #1
     956:	6813      	ldr	r3, [r2, #0]
     958:	430b      	orrs	r3, r1
     95a:	6013      	str	r3, [r2, #0]
	/* [> Enable Tx/Rx/Error interrupts <] */
	RegisterIrq(UART0_IRQn, (void *)Isr_UART0, PRI_LOWEST);
     95c:	384a      	subs	r0, #74	; 0x4a
     95e:	490a      	ldr	r1, [pc, #40]	; (988 <uart0_init+0x78>)
     960:	220f      	movs	r2, #15
     962:	f7ff ff4b 	bl	7fc <RegisterIrq>

}
     966:	bc08      	pop	{r3}
     968:	bc01      	pop	{r0}
     96a:	4700      	bx	r0
     96c:	e01fc0c4 	.word	0xe01fc0c4
     970:	e000c00c 	.word	0xe000c00c
     974:	e000c028 	.word	0xe000c028
     978:	e000c000 	.word	0xe000c000
     97c:	e000c004 	.word	0xe000c004
     980:	e000c008 	.word	0xe000c008
     984:	e002c000 	.word	0xe002c000
     988:	0000080d 	.word	0x0000080d

0000098c <hex_to_int>:


uint16_t hex_to_int(uint8_t c){
	uint16_t first = c / 16 - 3;
	uint16_t second = c % 16;
	uint16_t result = first*10 + second;
     98c:	220a      	movs	r2, #10
unsigned char RxCount,Index;
const char help_msg[] = "Plazma probe controller\n Usage:\n    start - start measurements\n    stop - finish measurements\n    set <voltage> - probe voltage setup\n";


uint16_t hex_to_int(uint8_t c){
	uint16_t first = c / 16 - 3;
     98e:	0903      	lsrs	r3, r0, #4
     990:	3b03      	subs	r3, #3
	uint16_t second = c % 16;
	uint16_t result = first*10 + second;
     992:	4353      	muls	r3, r2
const char help_msg[] = "Plazma probe controller\n Usage:\n    start - start measurements\n    stop - finish measurements\n    set <voltage> - probe voltage setup\n";


uint16_t hex_to_int(uint8_t c){
	uint16_t first = c / 16 - 3;
	uint16_t second = c % 16;
     994:	3205      	adds	r2, #5
     996:	4010      	ands	r0, r2
	uint16_t result = first*10 + second;
     998:	18c0      	adds	r0, r0, r3
     99a:	0400      	lsls	r0, r0, #16
     99c:	0c00      	lsrs	r0, r0, #16
	if(result > 9) result--;
     99e:	2809      	cmp	r0, #9
     9a0:	d902      	bls.n	9a8 <hex_to_int+0x1c>
     9a2:	3801      	subs	r0, #1
     9a4:	0400      	lsls	r0, r0, #16
     9a6:	0c00      	lsrs	r0, r0, #16
	return result;
}
     9a8:	4770      	bx	lr

000009aa <hex_to_ascii>:

uint16_t hex_to_ascii(uint16_t c){
     9aa:	b538      	push	{r3, r4, r5, lr}
     9ac:	1c05      	adds	r5, r0, #0
	uint16_t high = hex_to_int(c >> 8) * 16;
     9ae:	0a00      	lsrs	r0, r0, #8
     9b0:	f7ff ffec 	bl	98c <hex_to_int>
     9b4:	1c04      	adds	r4, r0, #0
	uint16_t low = hex_to_int(c & 0xFF);
     9b6:	0628      	lsls	r0, r5, #24
     9b8:	0e00      	lsrs	r0, r0, #24
     9ba:	f7ff ffe7 	bl	98c <hex_to_int>
	if(result > 9) result--;
	return result;
}

uint16_t hex_to_ascii(uint16_t c){
	uint16_t high = hex_to_int(c >> 8) * 16;
     9be:	0124      	lsls	r4, r4, #4
	uint16_t low = hex_to_int(c & 0xFF);
	return high+low;
     9c0:	1900      	adds	r0, r0, r4
     9c2:	0400      	lsls	r0, r0, #16
     9c4:	0c00      	lsrs	r0, r0, #16
}
     9c6:	bc38      	pop	{r3, r4, r5}
     9c8:	bc02      	pop	{r1}
     9ca:	4708      	bx	r1

000009cc <UART0_send_byte>:
	}
}
void UART0_send_byte(uint8_t byte)
{

	U0IER &= ~(1 << RBR_Enable );     // Disable RBR
     9cc:	2101      	movs	r1, #1
     9ce:	4b07      	ldr	r3, [pc, #28]	; (9ec <UART0_send_byte+0x20>)
     9d0:	681a      	ldr	r2, [r3, #0]
     9d2:	438a      	bics	r2, r1
     9d4:	601a      	str	r2, [r3, #0]
	while ((U0LSR & (1 << 5)) == 0);//ждём пока освободиться регистр THR
     9d6:	4a06      	ldr	r2, [pc, #24]	; (9f0 <UART0_send_byte+0x24>)
     9d8:	6812      	ldr	r2, [r2, #0]
     9da:	0692      	lsls	r2, r2, #26
     9dc:	d5fb      	bpl.n	9d6 <UART0_send_byte+0xa>
	U0THR = byte;
	U0IER |= (1 << RBR_Enable );      // Re-enable RBR 
     9de:	2101      	movs	r1, #1
void UART0_send_byte(uint8_t byte)
{

	U0IER &= ~(1 << RBR_Enable );     // Disable RBR
	while ((U0LSR & (1 << 5)) == 0);//ждём пока освободиться регистр THR
	U0THR = byte;
     9e0:	4a04      	ldr	r2, [pc, #16]	; (9f4 <UART0_send_byte+0x28>)
     9e2:	6010      	str	r0, [r2, #0]
	U0IER |= (1 << RBR_Enable );      // Re-enable RBR 
     9e4:	681a      	ldr	r2, [r3, #0]
     9e6:	430a      	orrs	r2, r1
     9e8:	601a      	str	r2, [r3, #0]
}
     9ea:	4770      	bx	lr
     9ec:	e000c004 	.word	0xe000c004
     9f0:	e000c014 	.word	0xe000c014
     9f4:	e000c000 	.word	0xe000c000

000009f8 <UART0_send>:
void UART0_send(unsigned char *BufferPtr, unsigned short Length )
{
     9f8:	b510      	push	{r4, lr}
	U0IER &= ~(1 << RBR_Enable );     // Disable RBR
     9fa:	2401      	movs	r4, #1
     9fc:	4b0c      	ldr	r3, [pc, #48]	; (a30 <Stack_Size+0x20>)
     9fe:	681a      	ldr	r2, [r3, #0]
     a00:	43a2      	bics	r2, r4
     a02:	1c1c      	adds	r4, r3, #0
     a04:	601a      	str	r2, [r3, #0]

	while ( Length != 0 )
     a06:	2900      	cmp	r1, #0
     a08:	d00b      	beq.n	a22 <Stack_Size+0x12>
	{
		// THRE status, contain valid data 
		while ((U0LSR & (1 << 5)) == 0);//ждём пока освободиться регистр THR
     a0a:	4b0a      	ldr	r3, [pc, #40]	; (a34 <Stack_Size+0x24>)
     a0c:	681b      	ldr	r3, [r3, #0]
     a0e:	069b      	lsls	r3, r3, #26
     a10:	d5fb      	bpl.n	a0a <UART0_send+0x12>
		U0THR = *BufferPtr;// в сдвиговый регистр положить данные
     a12:	7802      	ldrb	r2, [r0, #0]
     a14:	4b08      	ldr	r3, [pc, #32]	; (a38 <Stack_Size+0x28>)
		BufferPtr++;
		Length--;
     a16:	3901      	subs	r1, #1
     a18:	0409      	lsls	r1, r1, #16

	while ( Length != 0 )
	{
		// THRE status, contain valid data 
		while ((U0LSR & (1 << 5)) == 0);//ждём пока освободиться регистр THR
		U0THR = *BufferPtr;// в сдвиговый регистр положить данные
     a1a:	601a      	str	r2, [r3, #0]
		BufferPtr++;
     a1c:	3001      	adds	r0, #1
		Length--;
     a1e:	0c09      	lsrs	r1, r1, #16
     a20:	e7f1      	b.n	a06 <UART0_send+0xe>
	}
	U0IER |= (1 << RBR_Enable );      // Re-enable RBR 
     a22:	2201      	movs	r2, #1
     a24:	6823      	ldr	r3, [r4, #0]
     a26:	4313      	orrs	r3, r2
     a28:	6023      	str	r3, [r4, #0]

	return;
}
     a2a:	bc10      	pop	{r4}
     a2c:	bc01      	pop	{r0}
     a2e:	4700      	bx	r0
     a30:	e000c004 	.word	0xe000c004
     a34:	e000c014 	.word	0xe000c014
     a38:	e000c000 	.word	0xe000c000

00000a3c <process_command>:
	uint16_t high = hex_to_int(c >> 8) * 16;
	uint16_t low = hex_to_int(c & 0xFF);
	return high+low;
}
void process_command(char *cmd)
{
     a3c:	b570      	push	{r4, r5, r6, lr}
	uint16_t num;
	uint8_t lenth;
	if(strncmp(cmd, "start", 5) == 0)
     a3e:	4928      	ldr	r1, [pc, #160]	; (ae0 <process_command+0xa4>)
     a40:	2205      	movs	r2, #5
	uint16_t high = hex_to_int(c >> 8) * 16;
	uint16_t low = hex_to_int(c & 0xFF);
	return high+low;
}
void process_command(char *cmd)
{
     a42:	1c05      	adds	r5, r0, #0
	uint16_t num;
	uint8_t lenth;
	if(strncmp(cmd, "start", 5) == 0)
     a44:	f000 fa3a 	bl	ebc <strncmp>
     a48:	2800      	cmp	r0, #0
     a4a:	d10c      	bne.n	a66 <process_command+0x2a>
	{
		UART0_send("\nStarted\n", 9);
     a4c:	4825      	ldr	r0, [pc, #148]	; (ae4 <process_command+0xa8>)
     a4e:	2109      	movs	r1, #9
     a50:	f7ff ffd2 	bl	9f8 <UART0_send>
		gpio_set(OP_AMP_PORT, OP_AMP_PIN);
     a54:	210d      	movs	r1, #13
     a56:	2002      	movs	r0, #2
     a58:	f7ff fe24 	bl	6a4 <gpio_set>
		led_set(LED2);
     a5c:	2001      	movs	r0, #1
     a5e:	f7ff fe0d 	bl	67c <led_set>
		timer0_start();
     a62:	f000 fa03 	bl	e6c <timer0_start>
	}    

	/* Turn off amplifier */
	if(strncmp(cmd, "stop", 4) == 0)
     a66:	1c28      	adds	r0, r5, #0
     a68:	491f      	ldr	r1, [pc, #124]	; (ae8 <process_command+0xac>)
     a6a:	2204      	movs	r2, #4
     a6c:	f000 fa26 	bl	ebc <strncmp>
     a70:	2800      	cmp	r0, #0
     a72:	d10c      	bne.n	a8e <process_command+0x52>
	{
		UART0_send("\nStopped\n", 9);
     a74:	481d      	ldr	r0, [pc, #116]	; (aec <process_command+0xb0>)
     a76:	2109      	movs	r1, #9
     a78:	f7ff ffbe 	bl	9f8 <UART0_send>
		gpio_clear(OP_AMP_PORT, OP_AMP_PIN);
     a7c:	210d      	movs	r1, #13
     a7e:	2002      	movs	r0, #2
     a80:	f7ff fe32 	bl	6e8 <gpio_clear>
		led_clear(LED2);
     a84:	2001      	movs	r0, #1
     a86:	f7ff fe03 	bl	690 <led_clear>
		timer0_stop();
     a8a:	f000 f9ff 	bl	e8c <timer0_stop>
	}
	/* Voltage setup  */
	if(strncmp(cmd, "set", 3) == 0)
     a8e:	1c28      	adds	r0, r5, #0
     a90:	4917      	ldr	r1, [pc, #92]	; (af0 <process_command+0xb4>)
     a92:	2203      	movs	r2, #3
     a94:	f000 fa12 	bl	ebc <strncmp>
     a98:	2800      	cmp	r0, #0
     a9a:	d113      	bne.n	ac4 <process_command+0x88>
	{
	
		lenth = strlen(cmd+4)-1;
		num = atoi(cmd + 4);
     a9c:	1d28      	adds	r0, r5, #4
     a9e:	f000 fa05 	bl	eac <atoi>
     aa2:	1c04      	adds	r4, r0, #0
		UART0_send("OK\n", 3);
     aa4:	2103      	movs	r1, #3
     aa6:	4813      	ldr	r0, [pc, #76]	; (af4 <process_command+0xb8>)
     aa8:	f7ff ffa6 	bl	9f8 <UART0_send>
		UART0_send_byte(num >> 8);
     aac:	0420      	lsls	r0, r4, #16
     aae:	0c06      	lsrs	r6, r0, #16
     ab0:	0e00      	lsrs	r0, r0, #24
     ab2:	f7ff ff8b 	bl	9cc <UART0_send_byte>
		UART0_send_byte(num);
     ab6:	0620      	lsls	r0, r4, #24
     ab8:	0e00      	lsrs	r0, r0, #24
     aba:	f7ff ff87 	bl	9cc <UART0_send_byte>
		dac_set_voltage(num);
     abe:	1c30      	adds	r0, r6, #0
     ac0:	f000 f90c 	bl	cdc <dac_set_voltage>
	}

	/* Manual  */
	if(strncmp(cmd, "help", 4) == 0)
     ac4:	1c28      	adds	r0, r5, #0
     ac6:	490c      	ldr	r1, [pc, #48]	; (af8 <process_command+0xbc>)
     ac8:	2204      	movs	r2, #4
     aca:	f000 f9f7 	bl	ebc <strncmp>
     ace:	2800      	cmp	r0, #0
     ad0:	d103      	bne.n	ada <process_command+0x9e>
	{
		UART0_send(help_msg, sizeof(help_msg)-1);
     ad2:	480a      	ldr	r0, [pc, #40]	; (afc <process_command+0xc0>)
     ad4:	2186      	movs	r1, #134	; 0x86
     ad6:	f7ff ff8f 	bl	9f8 <UART0_send>
	}
}
     ada:	bc70      	pop	{r4, r5, r6}
     adc:	bc01      	pop	{r0}
     ade:	4700      	bx	r0
     ae0:	000012c9 	.word	0x000012c9
     ae4:	000012cf 	.word	0x000012cf
     ae8:	000012d9 	.word	0x000012d9
     aec:	000012de 	.word	0x000012de
     af0:	000012e8 	.word	0x000012e8
     af4:	000012ec 	.word	0x000012ec
     af8:	000012f0 	.word	0x000012f0
     afc:	00001230 	.word	0x00001230

00000b00 <SPI0_init>:
	return dat;
}

void SPI0_init(void)
{
	PCONP |= (1 << 8);
     b00:	2180      	movs	r1, #128	; 0x80
     b02:	4a0c      	ldr	r2, [pc, #48]	; (b34 <SPI0_init+0x34>)
     b04:	6813      	ldr	r3, [r2, #0]
     b06:	0049      	lsls	r1, r1, #1
     b08:	430b      	orrs	r3, r1
	PCLKSEL0 |= (1<<17) | (1<<16);//=72Mhz/8 
     b0a:	21c0      	movs	r1, #192	; 0xc0
	return dat;
}

void SPI0_init(void)
{
	PCONP |= (1 << 8);
     b0c:	6013      	str	r3, [r2, #0]
	PCLKSEL0 |= (1<<17) | (1<<16);//=72Mhz/8 
     b0e:	4a0a      	ldr	r2, [pc, #40]	; (b38 <SPI0_init+0x38>)
     b10:	6813      	ldr	r3, [r2, #0]
     b12:	0289      	lsls	r1, r1, #10
     b14:	430b      	orrs	r3, r1
	S0SPCR |= (1 << 5);	/*   Master mode*/
     b16:	2120      	movs	r1, #32
}

void SPI0_init(void)
{
	PCONP |= (1 << 8);
	PCLKSEL0 |= (1<<17) | (1<<16);//=72Mhz/8 
     b18:	6013      	str	r3, [r2, #0]
	S0SPCR |= (1 << 5);	/*   Master mode*/
     b1a:	4a08      	ldr	r2, [pc, #32]	; (b3c <SPI0_init+0x3c>)
     b1c:	6813      	ldr	r3, [r2, #0]
     b1e:	430b      	orrs	r3, r1
     b20:	6013      	str	r3, [r2, #0]
	S0SPCCR = 0x12; 	/* SPI0 perif clock divided by 18 to reach 500kHz */
     b22:	2212      	movs	r2, #18
     b24:	4b06      	ldr	r3, [pc, #24]	; (b40 <SPI0_init+0x40>)
     b26:	601a      	str	r2, [r3, #0]
	PINSEL3 |= ((1 << 9) | (1 << 8) | (1 << 14) | (1 << 15) | (1 << 16) | (1 << 17));/* 	[>MISO0, MOSI0, CLK0 as SPI pins<] */
     b28:	4a06      	ldr	r2, [pc, #24]	; (b44 <SPI0_init+0x44>)
     b2a:	4907      	ldr	r1, [pc, #28]	; (b48 <SPI0_init+0x48>)
     b2c:	6813      	ldr	r3, [r2, #0]
     b2e:	430b      	orrs	r3, r1
     b30:	6013      	str	r3, [r2, #0]
	/* PINMODE3 |= (1 << 15) | (1 << 7); */
}
     b32:	4770      	bx	lr
     b34:	e01fc0c4 	.word	0xe01fc0c4
     b38:	e01fc1a8 	.word	0xe01fc1a8
     b3c:	e0020000 	.word	0xe0020000
     b40:	e002000c 	.word	0xe002000c
     b44:	e002c00c 	.word	0xe002c00c
     b48:	0003c300 	.word	0x0003c300

00000b4c <SPI_ADC_data_transfers_16bit>:

uint16_t SPI_ADC_data_transfers_16bit (uint16_t data)
{
     b4c:	b570      	push	{r4, r5, r6, lr}
	uint16_t dat = 0;
	uint16_t mask;
	char i;

	//Write
	mask = 0x8000;
     b4e:	2480      	movs	r4, #128	; 0x80
	PINSEL3 |= ((1 << 9) | (1 << 8) | (1 << 14) | (1 << 15) | (1 << 16) | (1 << 17));/* 	[>MISO0, MOSI0, CLK0 as SPI pins<] */
	/* PINMODE3 |= (1 << 15) | (1 << 7); */
}

uint16_t SPI_ADC_data_transfers_16bit (uint16_t data)
{
     b50:	1c05      	adds	r5, r0, #0
     b52:	210f      	movs	r1, #15
	uint16_t dat = 0;
     b54:	2000      	movs	r0, #0
	uint16_t mask;
	char i;

	//Write
	mask = 0x8000;
     b56:	0224      	lsls	r4, r4, #8
	for(i = 16;  i > 0 ; i--)
	{
		FIO1PIN |= 1 << ADC_SCLK;
     b58:	2680      	movs	r6, #128	; 0x80
     b5a:	4b12      	ldr	r3, [pc, #72]	; (ba4 <SPI_ADC_data_transfers_16bit+0x58>)
     b5c:	681a      	ldr	r2, [r3, #0]
     b5e:	0376      	lsls	r6, r6, #13
     b60:	4332      	orrs	r2, r6
     b62:	601a      	str	r2, [r3, #0]
		if(data & mask)
     b64:	4225      	tst	r5, r4
     b66:	d004      	beq.n	b72 <SPI_ADC_data_transfers_16bit+0x26>
			FIO1PIN |= 1 << ADC_DIN;
     b68:	2680      	movs	r6, #128	; 0x80
     b6a:	681a      	ldr	r2, [r3, #0]
     b6c:	0476      	lsls	r6, r6, #17
     b6e:	4332      	orrs	r2, r6
     b70:	e002      	b.n	b78 <SPI_ADC_data_transfers_16bit+0x2c>
		else
			FIO1PIN &= ~(1 << ADC_DIN);
     b72:	681e      	ldr	r6, [r3, #0]
     b74:	4a0c      	ldr	r2, [pc, #48]	; (ba8 <SPI_ADC_data_transfers_16bit+0x5c>)
     b76:	4032      	ands	r2, r6
     b78:	601a      	str	r2, [r3, #0]

		//SCLK
		mask = mask >> 1;
		FIO1PIN &= ~(1 << ADC_SCLK);
     b7a:	4a0c      	ldr	r2, [pc, #48]	; (bac <SPI_ADC_data_transfers_16bit+0x60>)
     b7c:	681e      	ldr	r6, [r3, #0]
     b7e:	4032      	ands	r2, r6
     b80:	601a      	str	r2, [r3, #0]

		//read
		if(FIO1PIN & (1 << (ADC_DOUT)))
     b82:	681a      	ldr	r2, [r3, #0]
     b84:	2301      	movs	r3, #1
			FIO1PIN |= 1 << ADC_DIN;
		else
			FIO1PIN &= ~(1 << ADC_DIN);

		//SCLK
		mask = mask >> 1;
     b86:	0864      	lsrs	r4, r4, #1
		FIO1PIN &= ~(1 << ADC_SCLK);

		//read
		if(FIO1PIN & (1 << (ADC_DOUT)))
			dat |= 1 << (i - 1);
     b88:	408b      	lsls	r3, r1
		//SCLK
		mask = mask >> 1;
		FIO1PIN &= ~(1 << ADC_SCLK);

		//read
		if(FIO1PIN & (1 << (ADC_DOUT)))
     b8a:	0212      	lsls	r2, r2, #8
     b8c:	d503      	bpl.n	b96 <SPI_ADC_data_transfers_16bit+0x4a>
			dat |= 1 << (i - 1);
     b8e:	4303      	orrs	r3, r0
     b90:	0418      	lsls	r0, r3, #16
     b92:	0c00      	lsrs	r0, r0, #16
     b94:	e000      	b.n	b98 <SPI_ADC_data_transfers_16bit+0x4c>
		else
			dat &= ~(1 << (i - 1));
     b96:	4398      	bics	r0, r3
	uint16_t mask;
	char i;

	//Write
	mask = 0x8000;
	for(i = 16;  i > 0 ; i--)
     b98:	3901      	subs	r1, #1
     b9a:	d2dd      	bcs.n	b58 <SPI_ADC_data_transfers_16bit+0xc>
		else
			dat &= ~(1 << (i - 1));

	}  
	return dat;
}
     b9c:	bc70      	pop	{r4, r5, r6}
     b9e:	bc02      	pop	{r1}
     ba0:	4708      	bx	r1
     ba2:	46c0      	nop			; (mov r8, r8)
     ba4:	3fffc034 	.word	0x3fffc034
     ba8:	feffffff 	.word	0xfeffffff
     bac:	ffefffff 	.word	0xffefffff

00000bb0 <SPI0_send_2_byte>:
	data = SPI_ADC_data_transfers_8bit(data);
	return data;
}

uint16_t SPI0_send_2_byte(uint16_t data)
{
     bb0:	b508      	push	{r3, lr}
	/* S0SPDR = (data >> 8) & 0xFF; */
	/* while (spi_readStatus() == 0);  */
	/* dat = S0SPDR << 8; */
	/* S0SPDR = data & 0xFF; */
	/* while (spi_readStatus() == 0);  */
	dat = SPI_ADC_data_transfers_16bit(data);
     bb2:	f7ff ffcb 	bl	b4c <SPI_ADC_data_transfers_16bit>
	return dat;
}
     bb6:	bc08      	pop	{r3}
     bb8:	bc02      	pop	{r1}
     bba:	4708      	bx	r1

00000bbc <SPI_ADC_data_transfers_8bit>:
	}  
	return dat;
}

unsigned char SPI_ADC_data_transfers_8bit (unsigned char data)
{
     bbc:	b530      	push	{r4, r5, lr}
     bbe:	2107      	movs	r1, #7
     bc0:	1c04      	adds	r4, r0, #0
	unsigned char dat = 0;
     bc2:	2000      	movs	r0, #0
	char i;

	//Write
	for(i = 8;  i > 0 ; i--)
	{
		if(data & (1 << (i - 1)))
     bc4:	1c22      	adds	r2, r4, #0
     bc6:	410a      	asrs	r2, r1
     bc8:	4b11      	ldr	r3, [pc, #68]	; (c10 <SPI_ADC_data_transfers_8bit+0x54>)
     bca:	07d2      	lsls	r2, r2, #31
     bcc:	d504      	bpl.n	bd8 <SPI_ADC_data_transfers_8bit+0x1c>
			FIO1PIN |= 1 << ADC_DIN;
     bce:	2580      	movs	r5, #128	; 0x80
     bd0:	681a      	ldr	r2, [r3, #0]
     bd2:	046d      	lsls	r5, r5, #17
     bd4:	432a      	orrs	r2, r5
     bd6:	e002      	b.n	bde <SPI_ADC_data_transfers_8bit+0x22>
		else
			FIO1PIN &= ~(1 << ADC_DIN);
     bd8:	681d      	ldr	r5, [r3, #0]
     bda:	4a0e      	ldr	r2, [pc, #56]	; (c14 <SPI_ADC_data_transfers_8bit+0x58>)
     bdc:	402a      	ands	r2, r5

		//SCLK
		FIO1PIN |= 1 << ADC_SCLK;
     bde:	2580      	movs	r5, #128	; 0x80
	for(i = 8;  i > 0 ; i--)
	{
		if(data & (1 << (i - 1)))
			FIO1PIN |= 1 << ADC_DIN;
		else
			FIO1PIN &= ~(1 << ADC_DIN);
     be0:	601a      	str	r2, [r3, #0]

		//SCLK
		FIO1PIN |= 1 << ADC_SCLK;
     be2:	681a      	ldr	r2, [r3, #0]
     be4:	036d      	lsls	r5, r5, #13
     be6:	432a      	orrs	r2, r5
     be8:	601a      	str	r2, [r3, #0]
		FIO1PIN &= ~(1 << ADC_SCLK);
     bea:	4a0b      	ldr	r2, [pc, #44]	; (c18 <SPI_ADC_data_transfers_8bit+0x5c>)
     bec:	681d      	ldr	r5, [r3, #0]
     bee:	402a      	ands	r2, r5
     bf0:	601a      	str	r2, [r3, #0]

		//read
		if(FIO1PIN & (1 << (ADC_DOUT)))
     bf2:	681a      	ldr	r2, [r3, #0]
     bf4:	2301      	movs	r3, #1
			dat |= 1 << (i - 1);
     bf6:	408b      	lsls	r3, r1
		//SCLK
		FIO1PIN |= 1 << ADC_SCLK;
		FIO1PIN &= ~(1 << ADC_SCLK);

		//read
		if(FIO1PIN & (1 << (ADC_DOUT)))
     bf8:	0212      	lsls	r2, r2, #8
     bfa:	d503      	bpl.n	c04 <SPI_ADC_data_transfers_8bit+0x48>
			dat |= 1 << (i - 1);
     bfc:	4303      	orrs	r3, r0
     bfe:	0618      	lsls	r0, r3, #24
     c00:	0e00      	lsrs	r0, r0, #24
     c02:	e000      	b.n	c06 <SPI_ADC_data_transfers_8bit+0x4a>
		else
			dat &= ~(1 << (i - 1));
     c04:	4398      	bics	r0, r3
{
	unsigned char dat = 0;
	char i;

	//Write
	for(i = 8;  i > 0 ; i--)
     c06:	3901      	subs	r1, #1
     c08:	d2dc      	bcs.n	bc4 <SPI_ADC_data_transfers_8bit+0x8>
		else
			dat &= ~(1 << (i - 1));

	}  
	return dat;
}
     c0a:	bc30      	pop	{r4, r5}
     c0c:	bc02      	pop	{r1}
     c0e:	4708      	bx	r1
     c10:	3fffc034 	.word	0x3fffc034
     c14:	feffffff 	.word	0xfeffffff
     c18:	ffefffff 	.word	0xffefffff

00000c1c <SPI0_send_1_byte>:
#include "spi.h"
/* #define DEBUG_SPI */


uint8_t SPI0_send_1_byte(uint8_t data)
{
     c1c:	b508      	push	{r3, lr}
	/* S0SPDR = data; */
	/* while (spi_readStatus() == 0);  */
	/* data = S0SPDR; */
	data = SPI_ADC_data_transfers_8bit(data);
     c1e:	f7ff ffcd 	bl	bbc <SPI_ADC_data_transfers_8bit>
	return data;
}
     c22:	bc08      	pop	{r3}
     c24:	bc02      	pop	{r1}
     c26:	4708      	bx	r1

00000c28 <spi_readStatus>:
uint8_t spi_readStatus (void) {

	uint8_t SPIStatus;
	uint8_t abrt, modf, rovr, wcol, spif;

	SPIStatus = S0SPSR;
     c28:	4b03      	ldr	r3, [pc, #12]	; (c38 <spi_readStatus+0x10>)
     c2a:	6818      	ldr	r0, [r3, #0]
	if(spif==1) { 
		UART0_send("\nSPIF is 1 - clearing\n", sizeof("\nSPIF is 1 - clearing\n")-1);
	}
#endif

	S0SPCR = S0SPCR; // write cr register to clear status bit
     c2c:	4b03      	ldr	r3, [pc, #12]	; (c3c <spi_readStatus+0x14>)
     c2e:	681a      	ldr	r2, [r3, #0]
	SPIStatus = S0SPSR;
	abrt = (SPIStatus & 0x8 ) >> 3;
	modf = (SPIStatus & 0x10) >> 4;
	rovr = (SPIStatus & 0x20) >> 5;
	wcol = (SPIStatus & 0x40) >> 6;
	spif = (SPIStatus & 0x80) >> 7;
     c30:	0600      	lsls	r0, r0, #24
		UART0_send("\nSPIF is 1 - clearing\n", sizeof("\nSPIF is 1 - clearing\n")-1);
	}
#endif

	S0SPCR = S0SPCR; // write cr register to clear status bit
	return(spif);
     c32:	0fc0      	lsrs	r0, r0, #31
	if(spif==1) { 
		UART0_send("\nSPIF is 1 - clearing\n", sizeof("\nSPIF is 1 - clearing\n")-1);
	}
#endif

	S0SPCR = S0SPCR; // write cr register to clear status bit
     c34:	601a      	str	r2, [r3, #0]
	return(spif);
}
     c36:	4770      	bx	lr
     c38:	e0020004 	.word	0xe0020004
     c3c:	e0020000 	.word	0xe0020000

00000c40 <Delay>:
{
	int i, j;
	for(j = 0; j < value; j++)
		for(i = 0; i < 10; i++)
			i = i;
}
     c40:	4770      	bx	lr

00000c42 <adc_init>:
void adc_init(void)
{
     c42:	b5f8      	push	{r3, r4, r5, r6, r7, lr}
	uint8_t dat = 0;
	
	FIO1CLR |= 1 << ADC;
     c44:	2680      	movs	r6, #128	; 0x80
     c46:	4d20      	ldr	r5, [pc, #128]	; (cc8 <adc_init+0x86>)
     c48:	682b      	ldr	r3, [r5, #0]
     c4a:	02f6      	lsls	r6, r6, #11
     c4c:	4333      	orrs	r3, r6
     c4e:	602b      	str	r3, [r5, #0]

	SPI0_send_1_byte(READ_ID_REG);
     c50:	2060      	movs	r0, #96	; 0x60
     c52:	f7ff ffe3 	bl	c1c <SPI0_send_1_byte>
	dat = SPI0_send_1_byte(0xFF);
     c56:	20ff      	movs	r0, #255	; 0xff
     c58:	f7ff ffe0 	bl	c1c <SPI0_send_1_byte>
     c5c:	1c07      	adds	r7, r0, #0

	FIO1SET |= 1 << ADC;
     c5e:	4c1b      	ldr	r4, [pc, #108]	; (ccc <adc_init+0x8a>)
     c60:	6823      	ldr	r3, [r4, #0]
     c62:	4333      	orrs	r3, r6

	UART0_send("\nSPI_recieved: ", 15);
     c64:	210f      	movs	r1, #15
	FIO1CLR |= 1 << ADC;

	SPI0_send_1_byte(READ_ID_REG);
	dat = SPI0_send_1_byte(0xFF);

	FIO1SET |= 1 << ADC;
     c66:	6023      	str	r3, [r4, #0]

	UART0_send("\nSPI_recieved: ", 15);
     c68:	4819      	ldr	r0, [pc, #100]	; (cd0 <adc_init+0x8e>)
     c6a:	f7ff fec5 	bl	9f8 <UART0_send>
	UART0_send_byte(dat);
     c6e:	1c38      	adds	r0, r7, #0
     c70:	f7ff feac 	bl	9cc <UART0_send_byte>

	FIO1CLR |= 1 << ADC;
     c74:	682b      	ldr	r3, [r5, #0]
     c76:	4333      	orrs	r3, r6
     c78:	602b      	str	r3, [r5, #0]
	SPI0_send_1_byte(WRITE_CONF_REG);
     c7a:	2010      	movs	r0, #16
     c7c:	f7ff ffce 	bl	c1c <SPI0_send_1_byte>
	SPI0_send_2_byte(CONF_REG_VAL);
     c80:	4814      	ldr	r0, [pc, #80]	; (cd4 <adc_init+0x92>)
     c82:	f7ff ff95 	bl	bb0 <SPI0_send_2_byte>
	FIO1SET |= 1 << ADC;
     c86:	6823      	ldr	r3, [r4, #0]
     c88:	4333      	orrs	r3, r6
     c8a:	6023      	str	r3, [r4, #0]

	FIO1CLR |= 1 << ADC;
     c8c:	682b      	ldr	r3, [r5, #0]
     c8e:	4333      	orrs	r3, r6
     c90:	602b      	str	r3, [r5, #0]
	SPI0_send_1_byte(WRITE_MODE_REG);
     c92:	2008      	movs	r0, #8
     c94:	f7ff ffc2 	bl	c1c <SPI0_send_1_byte>
	SPI0_send_2_byte(MODE_REG_VAL);
     c98:	2001      	movs	r0, #1
     c9a:	f7ff ff89 	bl	bb0 <SPI0_send_2_byte>
	FIO1SET |= 1 << ADC;
     c9e:	6823      	ldr	r3, [r4, #0]
     ca0:	431e      	orrs	r6, r3
     ca2:	6026      	str	r6, [r4, #0]

	FIO1CLR |= 1 << DAC;
     ca4:	2680      	movs	r6, #128	; 0x80
     ca6:	682b      	ldr	r3, [r5, #0]
     ca8:	05b6      	lsls	r6, r6, #22
     caa:	4333      	orrs	r3, r6
     cac:	602b      	str	r3, [r5, #0]
	/* SPI0_send_2_byte(0x1000 | 578); */
	SPI0_send_2_byte(0x1000 | 1000);
     cae:	480a      	ldr	r0, [pc, #40]	; (cd8 <adc_init+0x96>)
     cb0:	f7ff ff7e 	bl	bb0 <SPI0_send_2_byte>
	FIO1SET |= 1 << DAC;
     cb4:	6823      	ldr	r3, [r4, #0]
     cb6:	4333      	orrs	r3, r6
     cb8:	6023      	str	r3, [r4, #0]

	/* SPI0_send_1_byte(WRITE_OFFSET_REG); */
	/* SPI0_send_2_byte(OFFSET_REG_VAL); */
	led_set(LED1);
     cba:	2000      	movs	r0, #0
     cbc:	f7ff fcde 	bl	67c <led_set>

}
     cc0:	bcf8      	pop	{r3, r4, r5, r6, r7}
     cc2:	bc01      	pop	{r0}
     cc4:	4700      	bx	r0
     cc6:	46c0      	nop			; (mov r8, r8)
     cc8:	3fffc03c 	.word	0x3fffc03c
     ccc:	3fffc038 	.word	0x3fffc038
     cd0:	000012f5 	.word	0x000012f5
     cd4:	00001010 	.word	0x00001010
     cd8:	000013e8 	.word	0x000013e8

00000cdc <dac_set_voltage>:

void dac_set_voltage(uint16_t voltage)
{
     cdc:	b510      	push	{r4, lr}
	/* SPI0_send_2_byte((voltage | DAC_LOAD_CMD)); */
	FIO1CLR |= 1 << DAC;
     cde:	2480      	movs	r4, #128	; 0x80
     ce0:	4a08      	ldr	r2, [pc, #32]	; (d04 <dac_set_voltage+0x28>)
     ce2:	6813      	ldr	r3, [r2, #0]
     ce4:	05a4      	lsls	r4, r4, #22
     ce6:	4323      	orrs	r3, r4
     ce8:	6013      	str	r3, [r2, #0]
	SPI0_send_2_byte(0x1000 | voltage);
     cea:	2380      	movs	r3, #128	; 0x80
     cec:	015b      	lsls	r3, r3, #5
     cee:	4318      	orrs	r0, r3
     cf0:	f7ff ff5e 	bl	bb0 <SPI0_send_2_byte>
	FIO1SET |= 1 << DAC;
     cf4:	4a04      	ldr	r2, [pc, #16]	; (d08 <dac_set_voltage+0x2c>)
     cf6:	6813      	ldr	r3, [r2, #0]
     cf8:	4323      	orrs	r3, r4
     cfa:	6013      	str	r3, [r2, #0]
}
     cfc:	bc10      	pop	{r4}
     cfe:	bc01      	pop	{r0}
     d00:	4700      	bx	r0
     d02:	46c0      	nop			; (mov r8, r8)
     d04:	3fffc03c 	.word	0x3fffc03c
     d08:	3fffc038 	.word	0x3fffc038

00000d0c <adc_read_current>:

uint16_t adc_read_current(void)
{
     d0c:	b570      	push	{r4, r5, r6, lr}
	uint16_t current;
	/* Need to select proper channel */
	FIO1CLR |= 1 << ADC;
     d0e:	2580      	movs	r5, #128	; 0x80
     d10:	4e0e      	ldr	r6, [pc, #56]	; (d4c <adc_read_current+0x40>)
     d12:	6833      	ldr	r3, [r6, #0]
     d14:	02ed      	lsls	r5, r5, #11
     d16:	432b      	orrs	r3, r5
     d18:	6033      	str	r3, [r6, #0]
	SPI0_send_1_byte(WRITE_MODE_REG);
	SPI0_send_2_byte(MODE_REG_VAL);
	FIO1SET |= 1 << ADC;
     d1a:	4c0d      	ldr	r4, [pc, #52]	; (d50 <adc_read_current+0x44>)
uint16_t adc_read_current(void)
{
	uint16_t current;
	/* Need to select proper channel */
	FIO1CLR |= 1 << ADC;
	SPI0_send_1_byte(WRITE_MODE_REG);
     d1c:	2008      	movs	r0, #8
     d1e:	f7ff ff7d 	bl	c1c <SPI0_send_1_byte>
	SPI0_send_2_byte(MODE_REG_VAL);
     d22:	2001      	movs	r0, #1
     d24:	f7ff ff44 	bl	bb0 <SPI0_send_2_byte>
	FIO1SET |= 1 << ADC;
     d28:	6823      	ldr	r3, [r4, #0]
     d2a:	432b      	orrs	r3, r5
     d2c:	6023      	str	r3, [r4, #0]

	FIO1CLR |= 1 << ADC;
     d2e:	6833      	ldr	r3, [r6, #0]
     d30:	432b      	orrs	r3, r5
     d32:	6033      	str	r3, [r6, #0]
	SPI0_send_1_byte(READ_DATA_REG);
     d34:	2058      	movs	r0, #88	; 0x58
     d36:	f7ff ff71 	bl	c1c <SPI0_send_1_byte>
	current = SPI0_send_2_byte(0xFFFF);
     d3a:	4806      	ldr	r0, [pc, #24]	; (d54 <adc_read_current+0x48>)
     d3c:	f7ff ff38 	bl	bb0 <SPI0_send_2_byte>
	FIO1SET |= 1 << ADC;
     d40:	6823      	ldr	r3, [r4, #0]
     d42:	431d      	orrs	r5, r3
     d44:	6025      	str	r5, [r4, #0]

	return current;
}
     d46:	bc70      	pop	{r4, r5, r6}
     d48:	bc02      	pop	{r1}
     d4a:	4708      	bx	r1
     d4c:	3fffc03c 	.word	0x3fffc03c
     d50:	3fffc038 	.word	0x3fffc038
     d54:	0000ffff 	.word	0x0000ffff

00000d58 <adc_read_voltage>:

uint16_t adc_read_voltage(void)
{
     d58:	b570      	push	{r4, r5, r6, lr}
	uint16_t voltage;
	/* Need to select proper channel */
	FIO1CLR |= 1 << ADC;
     d5a:	2580      	movs	r5, #128	; 0x80
     d5c:	4e0e      	ldr	r6, [pc, #56]	; (d98 <adc_read_voltage+0x40>)
     d5e:	6833      	ldr	r3, [r6, #0]
     d60:	02ed      	lsls	r5, r5, #11
     d62:	432b      	orrs	r3, r5
     d64:	6033      	str	r3, [r6, #0]
	SPI0_send_1_byte(WRITE_MODE_REG);
	SPI0_send_2_byte((MODE_REG_VAL | 1));	// | 1 - select 2 channel
	FIO1SET |= 1 << ADC;
     d66:	4c0d      	ldr	r4, [pc, #52]	; (d9c <adc_read_voltage+0x44>)
uint16_t adc_read_voltage(void)
{
	uint16_t voltage;
	/* Need to select proper channel */
	FIO1CLR |= 1 << ADC;
	SPI0_send_1_byte(WRITE_MODE_REG);
     d68:	2008      	movs	r0, #8
     d6a:	f7ff ff57 	bl	c1c <SPI0_send_1_byte>
	SPI0_send_2_byte((MODE_REG_VAL | 1));	// | 1 - select 2 channel
     d6e:	2001      	movs	r0, #1
     d70:	f7ff ff1e 	bl	bb0 <SPI0_send_2_byte>
	FIO1SET |= 1 << ADC;
     d74:	6823      	ldr	r3, [r4, #0]
     d76:	432b      	orrs	r3, r5
     d78:	6023      	str	r3, [r4, #0]

	FIO1CLR |= 1 << ADC;
     d7a:	6833      	ldr	r3, [r6, #0]
     d7c:	432b      	orrs	r3, r5
     d7e:	6033      	str	r3, [r6, #0]
	SPI0_send_1_byte(READ_DATA_REG);
     d80:	2058      	movs	r0, #88	; 0x58
     d82:	f7ff ff4b 	bl	c1c <SPI0_send_1_byte>
	voltage = SPI0_send_2_byte(0xFFFF);
     d86:	4806      	ldr	r0, [pc, #24]	; (da0 <adc_read_voltage+0x48>)
     d88:	f7ff ff12 	bl	bb0 <SPI0_send_2_byte>
	FIO1SET |= 1 << ADC;
     d8c:	6823      	ldr	r3, [r4, #0]
     d8e:	431d      	orrs	r5, r3
     d90:	6025      	str	r5, [r4, #0]

	return voltage;

}
     d92:	bc70      	pop	{r4, r5, r6}
     d94:	bc02      	pop	{r1}
     d96:	4708      	bx	r1
     d98:	3fffc03c 	.word	0x3fffc03c
     d9c:	3fffc038 	.word	0x3fffc038
     da0:	0000ffff 	.word	0x0000ffff

00000da4 <Isr_TIM0>:
#include "usart_console.h"
extern void gpio_set(uint8_t port, uint8_t pin);
extern void gpio_clear(uint8_t port, uint8_t pin);
void Isr_TIM0(void)
{
	T0IR = 0x3F;
     da4:	223f      	movs	r2, #63	; 0x3f
#include "adc_dac.h"
#include "usart_console.h"
extern void gpio_set(uint8_t port, uint8_t pin);
extern void gpio_clear(uint8_t port, uint8_t pin);
void Isr_TIM0(void)
{
     da6:	b538      	push	{r3, r4, r5, lr}
	T0IR = 0x3F;
     da8:	4b13      	ldr	r3, [pc, #76]	; (df8 <Isr_TIM0+0x54>)
     daa:	601a      	str	r2, [r3, #0]
	uint16_t volts, curr;
	uint8_t data;
	volts = adc_read_voltage();
     dac:	f7ff ffd4 	bl	d58 <adc_read_voltage>
     db0:	1c05      	adds	r5, r0, #0
	curr = adc_read_current();
     db2:	f7ff ffab 	bl	d0c <adc_read_current>
     db6:	1c04      	adds	r4, r0, #0
	UART0_send("\nOutput voltage: ",17 );
     db8:	2111      	movs	r1, #17
     dba:	4810      	ldr	r0, [pc, #64]	; (dfc <Isr_TIM0+0x58>)
     dbc:	f7ff fe1c 	bl	9f8 <UART0_send>
	data = volts >> 8;
     dc0:	0a28      	lsrs	r0, r5, #8
	UART0_send_byte(data);
     dc2:	0600      	lsls	r0, r0, #24
     dc4:	0e00      	lsrs	r0, r0, #24
     dc6:	f7ff fe01 	bl	9cc <UART0_send_byte>
	data = volts & 0xFF;
	UART0_send_byte(data);
     dca:	0628      	lsls	r0, r5, #24
     dcc:	0e00      	lsrs	r0, r0, #24
     dce:	f7ff fdfd 	bl	9cc <UART0_send_byte>

	UART0_send("\nCurrent: ",10 );
     dd2:	210a      	movs	r1, #10
     dd4:	480a      	ldr	r0, [pc, #40]	; (e00 <Isr_TIM0+0x5c>)
     dd6:	f7ff fe0f 	bl	9f8 <UART0_send>
	data = curr >> 8;
     dda:	0a20      	lsrs	r0, r4, #8
	UART0_send_byte(data);
     ddc:	0600      	lsls	r0, r0, #24
     dde:	0e00      	lsrs	r0, r0, #24
     de0:	f7ff fdf4 	bl	9cc <UART0_send_byte>
	data = curr & 0xFF;
	UART0_send_byte(data);
     de4:	0620      	lsls	r0, r4, #24
     de6:	0e00      	lsrs	r0, r0, #24
     de8:	f7ff fdf0 	bl	9cc <UART0_send_byte>
	/* UART0_send(&data, 1); */
	/* UART0_send("Tim0\n", 5); */
	VICVectAddr = 0;
     dec:	2200      	movs	r2, #0
     dee:	4b05      	ldr	r3, [pc, #20]	; (e04 <Isr_TIM0+0x60>)
     df0:	601a      	str	r2, [r3, #0]
}
     df2:	bc38      	pop	{r3, r4, r5}
     df4:	bc01      	pop	{r0}
     df6:	4700      	bx	r0
     df8:	e0004000 	.word	0xe0004000
     dfc:	00001305 	.word	0x00001305
     e00:	00001317 	.word	0x00001317
     e04:	ffffff00 	.word	0xffffff00

00000e08 <timer0_init>:
void timer0_init(void)
{
	PCONP |= (1 << 1);	/* Power on tim0 */
     e08:	2102      	movs	r1, #2
     e0a:	4a0f      	ldr	r2, [pc, #60]	; (e48 <timer0_init+0x40>)
	/* UART0_send(&data, 1); */
	/* UART0_send("Tim0\n", 5); */
	VICVectAddr = 0;
}
void timer0_init(void)
{
     e0c:	b508      	push	{r3, lr}
	PCONP |= (1 << 1);	/* Power on tim0 */
     e0e:	6813      	ldr	r3, [r2, #0]
     e10:	430b      	orrs	r3, r1
     e12:	6013      	str	r3, [r2, #0]
	T0TCR = 0;	/* Disable tim0 */
     e14:	2300      	movs	r3, #0
     e16:	4a0d      	ldr	r2, [pc, #52]	; (e4c <timer0_init+0x44>)
     e18:	6013      	str	r3, [r2, #0]

	T0IR = (1 << 0);	/* Channel 0 match interrupt */
     e1a:	4a0d      	ldr	r2, [pc, #52]	; (e50 <timer0_init+0x48>)
     e1c:	3901      	subs	r1, #1
     e1e:	6011      	str	r1, [r2, #0]
	T0MCR = 3;
     e20:	4a0c      	ldr	r2, [pc, #48]	; (e54 <timer0_init+0x4c>)
     e22:	3102      	adds	r1, #2
     e24:	6011      	str	r1, [r2, #0]
	T0CTCR = 0;
     e26:	4a0c      	ldr	r2, [pc, #48]	; (e58 <timer0_init+0x50>)
     e28:	6013      	str	r3, [r2, #0]
	T0PR = 200;	/* Prescaler */
     e2a:	22c8      	movs	r2, #200	; 0xc8
     e2c:	4b0b      	ldr	r3, [pc, #44]	; (e5c <timer0_init+0x54>)
     e2e:	601a      	str	r2, [r3, #0]
	T0MR0 = 72000;	/* Top value (5 Hz) */
     e30:	4a0b      	ldr	r2, [pc, #44]	; (e60 <timer0_init+0x58>)
     e32:	4b0c      	ldr	r3, [pc, #48]	; (e64 <timer0_init+0x5c>)
	RegisterIrq(TIMER0_IRQn, (void *)Isr_TIM0, PRI_LOWEST);
     e34:	2004      	movs	r0, #4

	T0IR = (1 << 0);	/* Channel 0 match interrupt */
	T0MCR = 3;
	T0CTCR = 0;
	T0PR = 200;	/* Prescaler */
	T0MR0 = 72000;	/* Top value (5 Hz) */
     e36:	601a      	str	r2, [r3, #0]
	RegisterIrq(TIMER0_IRQn, (void *)Isr_TIM0, PRI_LOWEST);
     e38:	490b      	ldr	r1, [pc, #44]	; (e68 <timer0_init+0x60>)
     e3a:	220f      	movs	r2, #15
     e3c:	f7ff fcde 	bl	7fc <RegisterIrq>
}
     e40:	bc08      	pop	{r3}
     e42:	bc01      	pop	{r0}
     e44:	4700      	bx	r0
     e46:	46c0      	nop			; (mov r8, r8)
     e48:	e01fc0c4 	.word	0xe01fc0c4
     e4c:	e0004004 	.word	0xe0004004
     e50:	e0004000 	.word	0xe0004000
     e54:	e0004014 	.word	0xe0004014
     e58:	e0004070 	.word	0xe0004070
     e5c:	e000400c 	.word	0xe000400c
     e60:	00011940 	.word	0x00011940
     e64:	e0004018 	.word	0xe0004018
     e68:	00000da5 	.word	0x00000da5

00000e6c <timer0_start>:

void timer0_start(void)
{
	T0TCR |= 1;
     e6c:	2101      	movs	r1, #1
     e6e:	4a06      	ldr	r2, [pc, #24]	; (e88 <timer0_start+0x1c>)
	T0MR0 = 72000;	/* Top value (5 Hz) */
	RegisterIrq(TIMER0_IRQn, (void *)Isr_TIM0, PRI_LOWEST);
}

void timer0_start(void)
{
     e70:	b508      	push	{r3, lr}
	T0TCR |= 1;
     e72:	6813      	ldr	r3, [r2, #0]
     e74:	430b      	orrs	r3, r1
     e76:	6013      	str	r3, [r2, #0]
	gpio_set(OP_AMP_PORT, OP_AMP_PIN);
     e78:	2002      	movs	r0, #2
     e7a:	310c      	adds	r1, #12
     e7c:	f7ff fc12 	bl	6a4 <gpio_set>
}
     e80:	bc08      	pop	{r3}
     e82:	bc01      	pop	{r0}
     e84:	4700      	bx	r0
     e86:	46c0      	nop			; (mov r8, r8)
     e88:	e0004004 	.word	0xe0004004

00000e8c <timer0_stop>:

void timer0_stop(void)
{
	T0TCR &= ~1;
     e8c:	2101      	movs	r1, #1
     e8e:	4a06      	ldr	r2, [pc, #24]	; (ea8 <timer0_stop+0x1c>)
	T0TCR |= 1;
	gpio_set(OP_AMP_PORT, OP_AMP_PIN);
}

void timer0_stop(void)
{
     e90:	b508      	push	{r3, lr}
	T0TCR &= ~1;
     e92:	6813      	ldr	r3, [r2, #0]
     e94:	438b      	bics	r3, r1
     e96:	6013      	str	r3, [r2, #0]
	gpio_clear(OP_AMP_PORT, OP_AMP_PIN);
     e98:	2002      	movs	r0, #2
     e9a:	310c      	adds	r1, #12
     e9c:	f7ff fc24 	bl	6e8 <gpio_clear>
}
     ea0:	bc08      	pop	{r3}
     ea2:	bc01      	pop	{r0}
     ea4:	4700      	bx	r0
     ea6:	46c0      	nop			; (mov r8, r8)
     ea8:	e0004004 	.word	0xe0004004

00000eac <atoi>:
     eac:	b508      	push	{r3, lr}
     eae:	2100      	movs	r1, #0
     eb0:	220a      	movs	r2, #10
     eb2:	f000 f90b 	bl	10cc <strtol>
     eb6:	bc08      	pop	{r3}
     eb8:	bc02      	pop	{r1}
     eba:	4708      	bx	r1

00000ebc <strncmp>:
     ebc:	1c03      	adds	r3, r0, #0
     ebe:	b530      	push	{r4, r5, lr}
     ec0:	2000      	movs	r0, #0
     ec2:	2a00      	cmp	r2, #0
     ec4:	d03a      	beq.n	f3c <VIC_VectAddr+0x3c>
     ec6:	1c1c      	adds	r4, r3, #0
     ec8:	430c      	orrs	r4, r1
     eca:	07a4      	lsls	r4, r4, #30
     ecc:	d120      	bne.n	f10 <VIC_VectAddr+0x10>
     ece:	2a03      	cmp	r2, #3
     ed0:	d91e      	bls.n	f10 <VIC_VectAddr+0x10>
     ed2:	681c      	ldr	r4, [r3, #0]
     ed4:	680d      	ldr	r5, [r1, #0]
     ed6:	42ac      	cmp	r4, r5
     ed8:	d11a      	bne.n	f10 <VIC_VectAddr+0x10>
     eda:	3a04      	subs	r2, #4
     edc:	2a00      	cmp	r2, #0
     ede:	d02d      	beq.n	f3c <VIC_VectAddr+0x3c>
     ee0:	4d1a      	ldr	r5, [pc, #104]	; (f4c <VIC_VectAddr+0x4c>)
     ee2:	1965      	adds	r5, r4, r5
     ee4:	43a5      	bics	r5, r4
     ee6:	1c2c      	adds	r4, r5, #0
     ee8:	4d19      	ldr	r5, [pc, #100]	; (f50 <VIC_VectAddr+0x50>)
     eea:	422c      	tst	r4, r5
     eec:	d00c      	beq.n	f08 <VIC_VectAddr+0x8>
     eee:	e025      	b.n	f3c <VIC_VectAddr+0x3c>
     ef0:	6818      	ldr	r0, [r3, #0]
     ef2:	680c      	ldr	r4, [r1, #0]
     ef4:	42a0      	cmp	r0, r4
     ef6:	d10b      	bne.n	f10 <VIC_VectAddr+0x10>
     ef8:	3a04      	subs	r2, #4
     efa:	2a00      	cmp	r2, #0
     efc:	d021      	beq.n	f42 <VIC_VectAddr+0x42>
     efe:	4c13      	ldr	r4, [pc, #76]	; (f4c <VIC_VectAddr+0x4c>)
     f00:	1904      	adds	r4, r0, r4
     f02:	4384      	bics	r4, r0
     f04:	422c      	tst	r4, r5
     f06:	d11c      	bne.n	f42 <VIC_VectAddr+0x42>
     f08:	3304      	adds	r3, #4
     f0a:	3104      	adds	r1, #4
     f0c:	2a03      	cmp	r2, #3
     f0e:	d8ef      	bhi.n	ef0 <strncmp+0x34>
     f10:	781d      	ldrb	r5, [r3, #0]
     f12:	7808      	ldrb	r0, [r1, #0]
     f14:	3a01      	subs	r2, #1
     f16:	4285      	cmp	r5, r0
     f18:	d115      	bne.n	f46 <VIC_VectAddr+0x46>
     f1a:	2a00      	cmp	r2, #0
     f1c:	d011      	beq.n	f42 <VIC_VectAddr+0x42>
     f1e:	2d00      	cmp	r5, #0
     f20:	d104      	bne.n	f2c <VIC_VectAddr+0x2c>
     f22:	e00e      	b.n	f42 <VIC_VectAddr+0x42>
     f24:	2c00      	cmp	r4, #0
     f26:	d00c      	beq.n	f42 <VIC_VectAddr+0x42>
     f28:	2a00      	cmp	r2, #0
     f2a:	d00a      	beq.n	f42 <VIC_VectAddr+0x42>
     f2c:	3301      	adds	r3, #1
     f2e:	3101      	adds	r1, #1
     f30:	781c      	ldrb	r4, [r3, #0]
     f32:	7808      	ldrb	r0, [r1, #0]
     f34:	3a01      	subs	r2, #1
     f36:	4284      	cmp	r4, r0
     f38:	d0f4      	beq.n	f24 <VIC_VectAddr+0x24>
     f3a:	1a20      	subs	r0, r4, r0
     f3c:	bc30      	pop	{r4, r5}
     f3e:	bc02      	pop	{r1}
     f40:	4708      	bx	r1
     f42:	2000      	movs	r0, #0
     f44:	e7fa      	b.n	f3c <VIC_VectAddr+0x3c>
     f46:	1c2c      	adds	r4, r5, #0
     f48:	1a20      	subs	r0, r4, r0
     f4a:	e7f7      	b.n	f3c <VIC_VectAddr+0x3c>
     f4c:	fefefeff 	.word	0xfefefeff
     f50:	80808080 	.word	0x80808080

00000f54 <_strtol_r>:
     f54:	b5f0      	push	{r4, r5, r6, r7, lr}
     f56:	464d      	mov	r5, r9
     f58:	4656      	mov	r6, sl
     f5a:	465f      	mov	r7, fp
     f5c:	4644      	mov	r4, r8
     f5e:	b4f0      	push	{r4, r5, r6, r7}
     f60:	1c1e      	adds	r6, r3, #0
     f62:	4b58      	ldr	r3, [pc, #352]	; (10c4 <_strtol_r+0x170>)
     f64:	b085      	sub	sp, #20
     f66:	9102      	str	r1, [sp, #8]
     f68:	681d      	ldr	r5, [r3, #0]
     f6a:	9003      	str	r0, [sp, #12]
     f6c:	1c0b      	adds	r3, r1, #0
     f6e:	4691      	mov	r9, r2
     f70:	2108      	movs	r1, #8
     f72:	e000      	b.n	f76 <_strtol_r+0x22>
     f74:	1c3b      	adds	r3, r7, #0
     f76:	781c      	ldrb	r4, [r3, #0]
     f78:	192a      	adds	r2, r5, r4
     f7a:	7852      	ldrb	r2, [r2, #1]
     f7c:	1c5f      	adds	r7, r3, #1
     f7e:	4211      	tst	r1, r2
     f80:	d1f8      	bne.n	f74 <_strtol_r+0x20>
     f82:	2c2d      	cmp	r4, #45	; 0x2d
     f84:	d100      	bne.n	f88 <_strtol_r+0x34>
     f86:	e072      	b.n	106e <_strtol_r+0x11a>
     f88:	2200      	movs	r2, #0
     f8a:	9201      	str	r2, [sp, #4]
     f8c:	2c2b      	cmp	r4, #43	; 0x2b
     f8e:	d100      	bne.n	f92 <_strtol_r+0x3e>
     f90:	e07f      	b.n	1092 <_strtol_r+0x13e>
     f92:	2310      	movs	r3, #16
     f94:	1c32      	adds	r2, r6, #0
     f96:	46b0      	mov	r8, r6
     f98:	439a      	bics	r2, r3
     f9a:	d10a      	bne.n	fb2 <_strtol_r+0x5e>
     f9c:	4273      	negs	r3, r6
     f9e:	4173      	adcs	r3, r6
     fa0:	2c30      	cmp	r4, #48	; 0x30
     fa2:	d100      	bne.n	fa6 <_strtol_r+0x52>
     fa4:	e078      	b.n	1098 <_strtol_r+0x144>
     fa6:	2b00      	cmp	r3, #0
     fa8:	d100      	bne.n	fac <_strtol_r+0x58>
     faa:	e088      	b.n	10be <_strtol_r+0x16a>
     fac:	230a      	movs	r3, #10
     fae:	260a      	movs	r6, #10
     fb0:	4698      	mov	r8, r3
     fb2:	4a45      	ldr	r2, [pc, #276]	; (10c8 <_strtol_r+0x174>)
     fb4:	4694      	mov	ip, r2
     fb6:	9b01      	ldr	r3, [sp, #4]
     fb8:	4463      	add	r3, ip
     fba:	1c18      	adds	r0, r3, #0
     fbc:	4641      	mov	r1, r8
     fbe:	469a      	mov	sl, r3
     fc0:	f000 f92c 	bl	121c <____aeabi_uidivmod_from_thumb>
     fc4:	4650      	mov	r0, sl
     fc6:	468b      	mov	fp, r1
     fc8:	4641      	mov	r1, r8
     fca:	f000 f92b 	bl	1224 <____aeabi_uidiv_from_thumb>
     fce:	2204      	movs	r2, #4
     fd0:	4684      	mov	ip, r0
     fd2:	4692      	mov	sl, r2
     fd4:	1c32      	adds	r2, r6, #0
     fd6:	1c3b      	adds	r3, r7, #0
     fd8:	1c2e      	adds	r6, r5, #0
     fda:	2000      	movs	r0, #0
     fdc:	4665      	mov	r5, ip
     fde:	2100      	movs	r1, #0
     fe0:	4694      	mov	ip, r2
     fe2:	e012      	b.n	100a <_strtol_r+0xb6>
     fe4:	3c30      	subs	r4, #48	; 0x30
     fe6:	45a4      	cmp	ip, r4
     fe8:	dd1d      	ble.n	1026 <_strtol_r+0xd2>
     fea:	2800      	cmp	r0, #0
     fec:	db09      	blt.n	1002 <_strtol_r+0xae>
     fee:	428d      	cmp	r5, r1
     ff0:	d307      	bcc.n	1002 <_strtol_r+0xae>
     ff2:	2201      	movs	r2, #1
     ff4:	455c      	cmp	r4, fp
     ff6:	dc00      	bgt.n	ffa <_strtol_r+0xa6>
     ff8:	2200      	movs	r2, #0
     ffa:	0612      	lsls	r2, r2, #24
     ffc:	d02c      	beq.n	1058 <_strtol_r+0x104>
     ffe:	42a9      	cmp	r1, r5
    1000:	d12a      	bne.n	1058 <_strtol_r+0x104>
    1002:	2001      	movs	r0, #1
    1004:	4240      	negs	r0, r0
    1006:	781c      	ldrb	r4, [r3, #0]
    1008:	3301      	adds	r3, #1
    100a:	4657      	mov	r7, sl
    100c:	1932      	adds	r2, r6, r4
    100e:	7852      	ldrb	r2, [r2, #1]
    1010:	4217      	tst	r7, r2
    1012:	d1e7      	bne.n	fe4 <_strtol_r+0x90>
    1014:	2703      	movs	r7, #3
    1016:	403a      	ands	r2, r7
    1018:	d005      	beq.n	1026 <_strtol_r+0xd2>
    101a:	2a01      	cmp	r2, #1
    101c:	d021      	beq.n	1062 <_strtol_r+0x10e>
    101e:	2257      	movs	r2, #87	; 0x57
    1020:	1aa4      	subs	r4, r4, r2
    1022:	45a4      	cmp	ip, r4
    1024:	dce1      	bgt.n	fea <_strtol_r+0x96>
    1026:	1c42      	adds	r2, r0, #1
    1028:	d026      	beq.n	1078 <_strtol_r+0x124>
    102a:	9c01      	ldr	r4, [sp, #4]
    102c:	4262      	negs	r2, r4
    102e:	4051      	eors	r1, r2
    1030:	46a4      	mov	ip, r4
    1032:	464a      	mov	r2, r9
    1034:	4461      	add	r1, ip
    1036:	2a00      	cmp	r2, #0
    1038:	d039      	beq.n	10ae <_strtol_r+0x15a>
    103a:	2800      	cmp	r0, #0
    103c:	d114      	bne.n	1068 <_strtol_r+0x114>
    103e:	1c08      	adds	r0, r1, #0
    1040:	9b02      	ldr	r3, [sp, #8]
    1042:	464a      	mov	r2, r9
    1044:	6013      	str	r3, [r2, #0]
    1046:	b005      	add	sp, #20
    1048:	bc3c      	pop	{r2, r3, r4, r5}
    104a:	4690      	mov	r8, r2
    104c:	4699      	mov	r9, r3
    104e:	46a2      	mov	sl, r4
    1050:	46ab      	mov	fp, r5
    1052:	bcf0      	pop	{r4, r5, r6, r7}
    1054:	bc02      	pop	{r1}
    1056:	4708      	bx	r1
    1058:	4642      	mov	r2, r8
    105a:	434a      	muls	r2, r1
    105c:	2001      	movs	r0, #1
    105e:	18a1      	adds	r1, r4, r2
    1060:	e7d1      	b.n	1006 <_strtol_r+0xb2>
    1062:	2237      	movs	r2, #55	; 0x37
    1064:	1aa4      	subs	r4, r4, r2
    1066:	e7dc      	b.n	1022 <_strtol_r+0xce>
    1068:	1c08      	adds	r0, r1, #0
    106a:	3b01      	subs	r3, #1
    106c:	e7e9      	b.n	1042 <_strtol_r+0xee>
    106e:	1c9f      	adds	r7, r3, #2
    1070:	785c      	ldrb	r4, [r3, #1]
    1072:	2301      	movs	r3, #1
    1074:	9301      	str	r3, [sp, #4]
    1076:	e78c      	b.n	f92 <_strtol_r+0x3e>
    1078:	4913      	ldr	r1, [pc, #76]	; (10c8 <_strtol_r+0x174>)
    107a:	468c      	mov	ip, r1
    107c:	9a01      	ldr	r2, [sp, #4]
    107e:	4462      	add	r2, ip
    1080:	1c10      	adds	r0, r2, #0
    1082:	2222      	movs	r2, #34	; 0x22
    1084:	9903      	ldr	r1, [sp, #12]
    1086:	600a      	str	r2, [r1, #0]
    1088:	464a      	mov	r2, r9
    108a:	2a00      	cmp	r2, #0
    108c:	d0db      	beq.n	1046 <_strtol_r+0xf2>
    108e:	3b01      	subs	r3, #1
    1090:	e7d7      	b.n	1042 <_strtol_r+0xee>
    1092:	1c9f      	adds	r7, r3, #2
    1094:	785c      	ldrb	r4, [r3, #1]
    1096:	e77c      	b.n	f92 <_strtol_r+0x3e>
    1098:	2120      	movs	r1, #32
    109a:	783a      	ldrb	r2, [r7, #0]
    109c:	438a      	bics	r2, r1
    109e:	2a58      	cmp	r2, #88	; 0x58
    10a0:	d107      	bne.n	10b2 <_strtol_r+0x15e>
    10a2:	2310      	movs	r3, #16
    10a4:	787c      	ldrb	r4, [r7, #1]
    10a6:	4698      	mov	r8, r3
    10a8:	3702      	adds	r7, #2
    10aa:	2610      	movs	r6, #16
    10ac:	e781      	b.n	fb2 <_strtol_r+0x5e>
    10ae:	1c08      	adds	r0, r1, #0
    10b0:	e7c9      	b.n	1046 <_strtol_r+0xf2>
    10b2:	2b00      	cmp	r3, #0
    10b4:	d003      	beq.n	10be <_strtol_r+0x16a>
    10b6:	2308      	movs	r3, #8
    10b8:	2608      	movs	r6, #8
    10ba:	4698      	mov	r8, r3
    10bc:	e779      	b.n	fb2 <_strtol_r+0x5e>
    10be:	46b0      	mov	r8, r6
    10c0:	e777      	b.n	fb2 <_strtol_r+0x5e>
    10c2:	46c0      	nop			; (mov r8, r8)
    10c4:	40000000 	.word	0x40000000
    10c8:	7fffffff 	.word	0x7fffffff

000010cc <strtol>:
    10cc:	b538      	push	{r3, r4, r5, lr}
    10ce:	1c05      	adds	r5, r0, #0
    10d0:	1c0c      	adds	r4, r1, #0
    10d2:	1c13      	adds	r3, r2, #0
    10d4:	4a04      	ldr	r2, [pc, #16]	; (10e8 <strtol+0x1c>)
    10d6:	1c29      	adds	r1, r5, #0
    10d8:	6810      	ldr	r0, [r2, #0]
    10da:	1c22      	adds	r2, r4, #0
    10dc:	f7ff ff3a 	bl	f54 <_strtol_r>
    10e0:	bc38      	pop	{r3, r4, r5}
    10e2:	bc02      	pop	{r1}
    10e4:	4708      	bx	r1
    10e6:	46c0      	nop			; (mov r8, r8)
    10e8:	40000430 	.word	0x40000430

000010ec <__aeabi_uidiv>:
    10ec:	e2512001 	subs	r2, r1, #1
    10f0:	012fff1e 	bxeq	lr
    10f4:	3a000036 	bcc	11d4 <__aeabi_uidiv+0xe8>
    10f8:	e1500001 	cmp	r0, r1
    10fc:	9a000022 	bls	118c <__aeabi_uidiv+0xa0>
    1100:	e1110002 	tst	r1, r2
    1104:	0a000023 	beq	1198 <__aeabi_uidiv+0xac>
    1108:	e311020e 	tst	r1, #-536870912	; 0xe0000000
    110c:	01a01181 	lsleq	r1, r1, #3
    1110:	03a03008 	moveq	r3, #8
    1114:	13a03001 	movne	r3, #1
    1118:	e3510201 	cmp	r1, #268435456	; 0x10000000
    111c:	31510000 	cmpcc	r1, r0
    1120:	31a01201 	lslcc	r1, r1, #4
    1124:	31a03203 	lslcc	r3, r3, #4
    1128:	3afffffa 	bcc	1118 <__aeabi_uidiv+0x2c>
    112c:	e3510102 	cmp	r1, #-2147483648	; 0x80000000
    1130:	31510000 	cmpcc	r1, r0
    1134:	31a01081 	lslcc	r1, r1, #1
    1138:	31a03083 	lslcc	r3, r3, #1
    113c:	3afffffa 	bcc	112c <__aeabi_uidiv+0x40>
    1140:	e3a02000 	mov	r2, #0
    1144:	e1500001 	cmp	r0, r1
    1148:	20400001 	subcs	r0, r0, r1
    114c:	21822003 	orrcs	r2, r2, r3
    1150:	e15000a1 	cmp	r0, r1, lsr #1
    1154:	204000a1 	subcs	r0, r0, r1, lsr #1
    1158:	218220a3 	orrcs	r2, r2, r3, lsr #1
    115c:	e1500121 	cmp	r0, r1, lsr #2
    1160:	20400121 	subcs	r0, r0, r1, lsr #2
    1164:	21822123 	orrcs	r2, r2, r3, lsr #2
    1168:	e15001a1 	cmp	r0, r1, lsr #3
    116c:	204001a1 	subcs	r0, r0, r1, lsr #3
    1170:	218221a3 	orrcs	r2, r2, r3, lsr #3
    1174:	e3500000 	cmp	r0, #0
    1178:	11b03223 	lsrsne	r3, r3, #4
    117c:	11a01221 	lsrne	r1, r1, #4
    1180:	1affffef 	bne	1144 <__aeabi_uidiv+0x58>
    1184:	e1a00002 	mov	r0, r2
    1188:	e12fff1e 	bx	lr
    118c:	03a00001 	moveq	r0, #1
    1190:	13a00000 	movne	r0, #0
    1194:	e12fff1e 	bx	lr
    1198:	e3510801 	cmp	r1, #65536	; 0x10000
    119c:	21a01821 	lsrcs	r1, r1, #16
    11a0:	23a02010 	movcs	r2, #16
    11a4:	33a02000 	movcc	r2, #0
    11a8:	e3510c01 	cmp	r1, #256	; 0x100
    11ac:	21a01421 	lsrcs	r1, r1, #8
    11b0:	22822008 	addcs	r2, r2, #8
    11b4:	e3510010 	cmp	r1, #16
    11b8:	21a01221 	lsrcs	r1, r1, #4
    11bc:	22822004 	addcs	r2, r2, #4
    11c0:	e3510004 	cmp	r1, #4
    11c4:	82822003 	addhi	r2, r2, #3
    11c8:	908220a1 	addls	r2, r2, r1, lsr #1
    11cc:	e1a00230 	lsr	r0, r0, r2
    11d0:	e12fff1e 	bx	lr
    11d4:	e12fff1f 	bx	pc
    11d8:	e1a00000 	nop			; (mov r0, r0)
    11dc:	e3500000 	cmp	r0, #0
    11e0:	13e00000 	mvnne	r0, #0
    11e4:	ea000009 	b	1210 <____aeabi_idiv0_from_arm>

000011e8 <__aeabi_uidivmod>:
    11e8:	e3510000 	cmp	r1, #0
    11ec:	0afffff8 	beq	11d4 <__aeabi_uidiv+0xe8>
    11f0:	e92d4003 	push	{r0, r1, lr}
    11f4:	ebffffbc 	bl	10ec <__aeabi_uidiv>
    11f8:	e8bd4006 	pop	{r1, r2, lr}
    11fc:	e0030092 	mul	r3, r2, r0
    1200:	e0411003 	sub	r1, r1, r3
    1204:	e12fff1e 	bx	lr

00001208 <__aeabi_idiv0>:
    1208:	4770      	bx	lr
    120a:	46c0      	nop			; (mov r8, r8)
    120c:	0000      	movs	r0, r0
	...

00001210 <____aeabi_idiv0_from_arm>:
    1210:	e59fc000 	ldr	ip, [pc]	; 1218 <____aeabi_idiv0_from_arm+0x8>
    1214:	e12fff1c 	bx	ip
    1218:	00001209 	.word	0x00001209

0000121c <____aeabi_uidivmod_from_thumb>:
    121c:	4778      	bx	pc
    121e:	46c0      	nop			; (mov r8, r8)
    1220:	eafffff0 	b	11e8 <__aeabi_uidivmod>

00001224 <____aeabi_uidiv_from_thumb>:
    1224:	4778      	bx	pc
    1226:	46c0      	nop			; (mov r8, r8)
    1228:	eaffffaf 	b	10ec <__aeabi_uidiv>
    122c:	00000000 	andeq	r0, r0, r0

00001230 <help_msg>:
    1230:	7a616c50 7020616d 65626f72 6e6f6320     Plazma probe con
    1240:	6c6f7274 0a72656c 61735520 0a3a6567     troller. Usage:.
    1250:	20202020 72617473 202d2074 72617473         start - star
    1260:	656d2074 72757361 6e656d65 200a7374     t measurements. 
    1270:	73202020 20706f74 6966202d 6873696e        stop - finish
    1280:	61656d20 65727573 746e656d 20200a73      measurements.  
    1290:	65732020 763c2074 61746c6f 203e6567       set <voltage> 
    12a0:	7270202d 2065626f 746c6f76 20656761     - probe voltage 
    12b0:	75746573 0a000a70 2043504c 74696e69     setup...LPC init
    12c0:	696c6169 0a64657a 61747300 0a007472     ialized..start..
    12d0:	72617453 0a646574 6f747300 530a0070     Started..stop..S
    12e0:	70706f74 000a6465 00746573 000a4b4f     topped..set.OK..
    12f0:	706c6568 50530a00 65725f49 76656963     help..SPI_reciev
    1300:	203a6465 754f0a00 74757074 6c6f7620     ed: ..Output vol
    1310:	65676174 0a00203a 72727543 3a746e65     tage: ..Current:
    1320:	00000020                                 ...

00001324 <_ctype_>:
    1324:	20202000 20202020 28282020 20282828     .         ((((( 
    1334:	20202020 20202020 20202020 20202020                     
    1344:	10108820 10101010 10101010 10101010      ...............
    1354:	04040410 04040404 10040404 10101010     ................
    1364:	41411010 41414141 01010101 01010101     ..AAAAAA........
    1374:	01010101 01010101 01010101 10101010     ................
    1384:	42421010 42424242 02020202 02020202     ..BBBBBB........
    1394:	02020202 02020202 02020202 10101010     ................
    13a4:	00000020 00000000 00000000 00000000      ...............
	...
    1428:	00000043                                C...
